make all --print-data-base --no-builtin-variables --no-builtin-rules --question
# GNU Make 4.3
# Built for x86_64-pc-linux-gnu
# Copyright (C) 1988-2020 Free Software Foundation, Inc.
# License GPLv3+: GNU GPL version 3 or later <http://gnu.org/licenses/gpl.html>
# This is free software: you are free to change and redistribute it.
# There is NO WARRANTY, to the extent permitted by law.

# Make data base, printed on Fri Feb  4 22:48:02 2022

# Variables

# makefile (from 'Makefile', line 29)
 
INSTALL_PROGRAM = install -m 755 -p
# environment
GDK_BACKEND = x11
# environment
LC_ALL = C
# environment
NO_AT_BRIDGE = 1
# makefile (from 'Makefile', line 44)
AR = ar cqs
# makefile (from 'Makefile', line 62)
DIST = /usr/lib/qt/mkspecs/features/spec_pre.prf /usr/lib/qt/mkspecs/common/unix.conf /usr/lib/qt/mkspecs/common/linux.conf /usr/lib/qt/mkspecs/common/sanitize.conf /usr/lib/qt/mkspecs/common/gcc-base.conf /usr/lib/qt/mkspecs/common/gcc-base-unix.conf /usr/lib/qt/mkspecs/common/g++-base.conf /usr/lib/qt/mkspecs/common/g++-unix.conf /usr/lib/qt/mkspecs/qconfig.pri /usr/lib/qt/mkspecs/modules/qt_Attica.pri /usr/lib/qt/mkspecs/modules/qt_Baloo.pri /usr/lib/qt/mkspecs/modules/qt_BluezQt.pri /usr/lib/qt/mkspecs/modules/qt_KActivities.pri /usr/lib/qt/mkspecs/modules/qt_KActivitiesStats.pri /usr/lib/qt/mkspecs/modules/qt_KArchive.pri /usr/lib/qt/mkspecs/modules/qt_KAuth.pri /usr/lib/qt/mkspecs/modules/qt_KAuthCore.pri /usr/lib/qt/mkspecs/modules/qt_KBookmarks.pri /usr/lib/qt/mkspecs/modules/qt_KCMUtils.pri /usr/lib/qt/mkspecs/modules/qt_KCodecs.pri /usr/lib/qt/mkspecs/modules/qt_KCompletion.pri /usr/lib/qt/mkspecs/modules/qt_KConfigCore.pri /usr/lib/qt/mkspecs/modules/qt_KConfigGui.pri /usr/lib/qt/mkspecs/modules/qt_KConfigWidgets.pri /usr/lib/qt/mkspecs/modules/qt_KContacts.pri /usr/lib/qt/mkspecs/modules/qt_KCoreAddons.pri /usr/lib/qt/mkspecs/modules/qt_KCrash.pri /usr/lib/qt/mkspecs/modules/qt_KDBusAddons.pri /usr/lib/qt/mkspecs/modules/qt_KDeclarative.pri /usr/lib/qt/mkspecs/modules/qt_KDESu.pri /usr/lib/qt/mkspecs/modules/qt_KDNSSD.pri /usr/lib/qt/mkspecs/modules/qt_KDSoapClient.pri /usr/lib/qt/mkspecs/modules/qt_KDSoapServer.pri /usr/lib/qt/mkspecs/modules/qt_KEmoticons.pri /usr/lib/qt/mkspecs/modules/qt_KFileMetaData.pri /usr/lib/qt/mkspecs/modules/qt_KGlobalAccel.pri /usr/lib/qt/mkspecs/modules/qt_KGuiAddons.pri /usr/lib/qt/mkspecs/modules/qt_KHolidays.pri /usr/lib/qt/mkspecs/modules/qt_KI18n.pri /usr/lib/qt/mkspecs/modules/qt_KIconThemes.pri /usr/lib/qt/mkspecs/modules/qt_KIdleTime.pri /usr/lib/qt/mkspecs/modules/qt_KIOCore.pri /usr/lib/qt/mkspecs/modules/qt_KIOFileWidgets.pri /usr/lib/qt/mkspecs/modules/qt_KIOGui.pri /usr/lib/qt/mkspecs/modules/qt_KIOWidgets.pri /usr/lib/qt/mkspecs/modules/qt_Kirigami2.pri /usr/lib/qt/mkspecs/modules/qt_KItemModels.pri /usr/lib/qt/mkspecs/modules/qt_KItemViews.pri /usr/lib/qt/mkspecs/modules/qt_KJobWidgets.pri /usr/lib/qt/mkspecs/modules/qt_KJS.pri /usr/lib/qt/mkspecs/modules/qt_KJSApi.pri /usr/lib/qt/mkspecs/modules/qt_KNewStuff.pri /usr/lib/qt/mkspecs/modules/qt_KNewStuffCore.pri /usr/lib/qt/mkspecs/modules/qt_KNotifications.pri /usr/lib/qt/mkspecs/modules/qt_KNotifyConfig.pri /usr/lib/qt/mkspecs/modules/qt_KNTLM.pri /usr/lib/qt/mkspecs/modules/qt_KParts.pri /usr/lib/qt/mkspecs/modules/qt_KPeople.pri /usr/lib/qt/mkspecs/modules/qt_KPeopleWidgets.pri /usr/lib/qt/mkspecs/modules/qt_KPty.pri /usr/lib/qt/mkspecs/modules/qt_KRunner.pri /usr/lib/qt/mkspecs/modules/qt_KScreen.pri /usr/lib/qt/mkspecs/modules/qt_KService.pri /usr/lib/qt/mkspecs/modules/qt_KSyntaxHighlighting.pri /usr/lib/qt/mkspecs/modules/qt_KTextEditor.pri /usr/lib/qt/mkspecs/modules/qt_KTextWidgets.pri /usr/lib/qt/mkspecs/modules/qt_KUnitConversion.pri /usr/lib/qt/mkspecs/modules/qt_KUserFeedbackCore.pri /usr/lib/qt/mkspecs/modules/qt_KUserFeedbackWidgets.pri /usr/lib/qt/mkspecs/modules/qt_KWallet.pri /usr/lib/qt/mkspecs/modules/qt_KWaylandClient.pri /usr/lib/qt/mkspecs/modules/qt_KWaylandServer.pri /usr/lib/qt/mkspecs/modules/qt_KWidgetsAddons.pri /usr/lib/qt/mkspecs/modules/qt_KWindowSystem.pri /usr/lib/qt/mkspecs/modules/qt_KXmlGui.pri /usr/lib/qt/mkspecs/modules/qt_lib_accessibility_support_private.pri /usr/lib/qt/mkspecs/modules/qt_lib_bootstrap_private.pri /usr/lib/qt/mkspecs/modules/qt_lib_concurrent.pri /usr/lib/qt/mkspecs/modules/qt_lib_concurrent_private.pri /usr/lib/qt/mkspecs/modules/qt_lib_core.pri /usr/lib/qt/mkspecs/modules/qt_lib_core_private.pri /usr/lib/qt/mkspecs/modules/qt_lib_dbus.pri /usr/lib/qt/mkspecs/modules/qt_lib_dbus_private.pri /usr/lib/qt/mkspecs/modules/qt_lib_designer.pri /usr/lib/qt/mkspecs/modules/qt_lib_designer_private.pri /usr/lib/qt/mkspecs/modules/qt_lib_designercomponents_private.pri /usr/lib/qt/mkspecs/modules/qt_lib_devicediscovery_support_private.pri /usr/lib/qt/mkspecs/modules/qt_lib_edid_support_private.pri /usr/lib/qt/mkspecs/modules/qt_lib_egl_support_private.pri /usr/lib/qt/mkspecs/modules/qt_lib_eglfs_kms_support_private.pri /usr/lib/qt/mkspecs/modules/qt_lib_eglfsdeviceintegration_private.pri /usr/lib/qt/mkspecs/modules/qt_lib_eventdispatcher_support_private.pri /usr/lib/qt/mkspecs/modules/qt_lib_fb_support_private.pri /usr/lib/qt/mkspecs/modules/qt_lib_fontdatabase_support_private.pri /usr/lib/qt/mkspecs/modules/qt_lib_glx_support_private.pri /usr/lib/qt/mkspecs/modules/qt_lib_gui.pri /usr/lib/qt/mkspecs/modules/qt_lib_gui_private.pri /usr/lib/qt/mkspecs/modules/qt_lib_help.pri /usr/lib/qt/mkspecs/modules/qt_lib_help_private.pri /usr/lib/qt/mkspecs/modules/qt_lib_input_support_private.pri /usr/lib/qt/mkspecs/modules/qt_lib_kms_support_private.pri /usr/lib/qt/mkspecs/modules/qt_lib_linuxaccessibility_support_private.pri /usr/lib/qt/mkspecs/modules/qt_lib_location.pri /usr/lib/qt/mkspecs/modules/qt_lib_location_private.pri /usr/lib/qt/mkspecs/modules/qt_lib_multimedia.pri /usr/lib/qt/mkspecs/modules/qt_lib_multimedia_private.pri /usr/lib/qt/mkspecs/modules/qt_lib_multimediagsttools_private.pri /usr/lib/qt/mkspecs/modules/qt_lib_multimediawidgets.pri /usr/lib/qt/mkspecs/modules/qt_lib_multimediawidgets_private.pri /usr/lib/qt/mkspecs/modules/qt_lib_network.pri /usr/lib/qt/mkspecs/modules/qt_lib_network_private.pri /usr/lib/qt/mkspecs/modules/qt_lib_opengl.pri /usr/lib/qt/mkspecs/modules/qt_lib_opengl_private.pri /usr/lib/qt/mkspecs/modules/qt_lib_openglextensions.pri /usr/lib/qt/mkspecs/modules/qt_lib_openglextensions_private.pri /usr/lib/qt/mkspecs/modules/qt_lib_packetprotocol_private.pri /usr/lib/qt/mkspecs/modules/qt_lib_pdf.pri /usr/lib/qt/mkspecs/modules/qt_lib_pdf_private.pri /usr/lib/qt/mkspecs/modules/qt_lib_pdfwidgets.pri /usr/lib/qt/mkspecs/modules/qt_lib_pdfwidgets_private.pri /usr/lib/qt/mkspecs/modules/qt_lib_platformcompositor_support_private.pri /usr/lib/qt/mkspecs/modules/qt_lib_positioning.pri /usr/lib/qt/mkspecs/modules/qt_lib_positioning_private.pri /usr/lib/qt/mkspecs/modules/qt_lib_positioningquick.pri /usr/lib/qt/mkspecs/modules/qt_lib_positioningquick_private.pri /usr/lib/qt/mkspecs/modules/qt_lib_printsupport.pri /usr/lib/qt/mkspecs/modules/qt_lib_printsupport_private.pri /usr/lib/qt/mkspecs/modules/qt_lib_qml.pri /usr/lib/qt/mkspecs/modules/qt_lib_qml_private.pri /usr/lib/qt/mkspecs/modules/qt_lib_qmldebug_private.pri /usr/lib/qt/mkspecs/modules/qt_lib_qmldevtools_private.pri /usr/lib/qt/mkspecs/modules/qt_lib_qmlmodels.pri /usr/lib/qt/mkspecs/modules/qt_lib_qmlmodels_private.pri /usr/lib/qt/mkspecs/modules/qt_lib_qmltest.pri /usr/lib/qt/mkspecs/modules/qt_lib_qmltest_private.pri /usr/lib/qt/mkspecs/modules/qt_lib_qmlworkerscript.pri /usr/lib/qt/mkspecs/modules/qt_lib_qmlworkerscript_private.pri /usr/lib/qt/mkspecs/modules/qt_lib_qtmultimediaquicktools_private.pri /usr/lib/qt/mkspecs/modules/qt_lib_quick.pri /usr/lib/qt/mkspecs/modules/qt_lib_quick_private.pri /usr/lib/qt/mkspecs/modules/qt_lib_quickcontrols2.pri /usr/lib/qt/mkspecs/modules/qt_lib_quickcontrols2_private.pri /usr/lib/qt/mkspecs/modules/qt_lib_quickparticles_private.pri /usr/lib/qt/mkspecs/modules/qt_lib_quickshapes_private.pri /usr/lib/qt/mkspecs/modules/qt_lib_quicktemplates2.pri /usr/lib/qt/mkspecs/modules/qt_lib_quicktemplates2_private.pri /usr/lib/qt/mkspecs/modules/qt_lib_quickwidgets.pri /usr/lib/qt/mkspecs/modules/qt_lib_quickwidgets_private.pri /usr/lib/qt/mkspecs/modules/qt_lib_sensors.pri /usr/lib/qt/mkspecs/modules/qt_lib_sensors_private.pri /usr/lib/qt/mkspecs/modules/qt_lib_service_support_private.pri /usr/lib/qt/mkspecs/modules/qt_lib_sql.pri /usr/lib/qt/mkspecs/modules/qt_lib_sql_private.pri /usr/lib/qt/mkspecs/modules/qt_lib_svg.pri /usr/lib/qt/mkspecs/modules/qt_lib_svg_private.pri /usr/lib/qt/mkspecs/modules/qt_lib_testlib.pri /usr/lib/qt/mkspecs/modules/qt_lib_testlib_private.pri /usr/lib/qt/mkspecs/modules/qt_lib_texttospeech.pri /usr/lib/qt/mkspecs/modules/qt_lib_texttospeech_private.pri /usr/lib/qt/mkspecs/modules/qt_lib_theme_support_private.pri /usr/lib/qt/mkspecs/modules/qt_lib_uiplugin.pri /usr/lib/qt/mkspecs/modules/qt_lib_uitools.pri /usr/lib/qt/mkspecs/modules/qt_lib_uitools_private.pri /usr/lib/qt/mkspecs/modules/qt_lib_vulkan_support_private.pri /usr/lib/qt/mkspecs/modules/qt_lib_waylandclient.pri /usr/lib/qt/mkspecs/modules/qt_lib_waylandclient_private.pri /usr/lib/qt/mkspecs/modules/qt_lib_waylandcompositor.pri /usr/lib/qt/mkspecs/modules/qt_lib_waylandcompositor_private.pri /usr/lib/qt/mkspecs/modules/qt_lib_webchannel.pri /usr/lib/qt/mkspecs/modules/qt_lib_webchannel_private.pri /usr/lib/qt/mkspecs/modules/qt_lib_webengine.pri /usr/lib/qt/mkspecs/modules/qt_lib_webengine_private.pri /usr/lib/qt/mkspecs/modules/qt_lib_webenginecore.pri /usr/lib/qt/mkspecs/modules/qt_lib_webenginecore_private.pri /usr/lib/qt/mkspecs/modules/qt_lib_webenginecoreheaders_private.pri /usr/lib/qt/mkspecs/modules/qt_lib_webenginewidgets.pri /usr/lib/qt/mkspecs/modules/qt_lib_webenginewidgets_private.pri /usr/lib/qt/mkspecs/modules/qt_lib_widgets.pri /usr/lib/qt/mkspecs/modules/qt_lib_widgets_private.pri /usr/lib/qt/mkspecs/modules/qt_lib_x11extras.pri /usr/lib/qt/mkspecs/modules/qt_lib_x11extras_private.pri /usr/lib/qt/mkspecs/modules/qt_lib_xcb_qpa_lib_private.pri /usr/lib/qt/mkspecs/modules/qt_lib_xkbcommon_support_private.pri /usr/lib/qt/mkspecs/modules/qt_lib_xml.pri /usr/lib/qt/mkspecs/modules/qt_lib_xml_private.pri /usr/lib/qt/mkspecs/modules/qt_phonon4qt5.pri /usr/lib/qt/mkspecs/modules/qt_Prison.pri /usr/lib/qt/mkspecs/modules/qt_QuickAddons.pri /usr/lib/qt/mkspecs/modules/qt_Solid.pri /usr/lib/qt/mkspecs/modules/qt_SonnetCore.pri /usr/lib/qt/mkspecs/modules/qt_SonnetUi.pri /usr/lib/qt/mkspecs/modules/qt_Syndication.pri /usr/lib/qt/mkspecs/modules/qt_ThreadWeaver.pri /usr/lib/qt/mkspecs/features/qt_functions.prf /usr/lib/qt/mkspecs/features/qt_config.prf /usr/lib/qt/mkspecs/linux-g++/qmake.conf /usr/lib/qt/mkspecs/features/spec_post.prf .qmake.stash /usr/lib/qt/mkspecs/features/exclusive_builds.prf /usr/lib/qt/mkspecs/features/toolchain.prf /usr/lib/qt/mkspecs/features/default_pre.prf /usr/lib/qt/mkspecs/features/resolve_config.prf /usr/lib/qt/mkspecs/features/default_post.prf /usr/lib/qt/mkspecs/features/warn_on.prf /usr/lib/qt/mkspecs/features/qt.prf /usr/lib/qt/mkspecs/features/resources_functions.prf /usr/lib/qt/mkspecs/features/resources.prf /usr/lib/qt/mkspecs/features/moc.prf /usr/lib/qt/mkspecs/features/link_ltcg.prf /usr/lib/qt/mkspecs/features/unix/opengl.prf /usr/lib/qt/mkspecs/features/uic.prf /usr/lib/qt/mkspecs/features/unix/thread.prf /usr/lib/qt/mkspecs/features/qmake_use.prf /usr/lib/qt/mkspecs/features/file_copies.prf /usr/lib/qt/mkspecs/features/testcase_targets.prf /usr/lib/qt/mkspecs/features/exceptions.prf /usr/lib/qt/mkspecs/features/yacc.prf /usr/lib/qt/mkspecs/features/lex.prf Grafica.pro include/mainwindow.h include/funcion.hpp main.cpp src/mainwindow.cpp src/funcion.cpp
# environment
GTK_RC_FILES = /etc/gtk/gtkrc:/home/sergio/.gtkrc:/home/sergio/.config/gtkrc
# makefile (from 'Makefile', line 32)
QINSTALL_PROGRAM = /usr/bin/qmake -install qinstall -exe
# makefile (from 'Makefile', line 41)
LINK = g++
# environment
VSCODE_IPC_HOOK_EXTHOST = /run/user/1000/vscode-ipc-0fb68f57-f6f1-4fef-8fe2-ff5d9817e412.sock
# environment
LC_NAME = es_ES.UTF-8
# environment
LC_NUMERIC = es_ES.UTF-8
# environment
VSCODE_CWD = /Datos/Programación/Proyectos C++
# makefile (from 'Makefile', line 43)
LIBS = $(SUBLIBS) /usr/lib/libQt5Widgets.so /usr/lib/libQt5Gui.so /usr/lib/libQt5Core.so -lGL -lpthread   
# makefile (from 'Makefile', line 33)
DEL_FILE = rm -f
# environment
LC_ADDRESS = es_ES.UTF-8
# default
MAKE_COMMAND := make
# automatic
@D = $(patsubst %/,%,$(dir $@))
# environment
GDK_DPI_SCALE = 1
# environment
VSCODE_HANDLES_UNCAUGHT_ERRORS = true
# default
.VARIABLES := 
# makefile (from 'Makefile', line 11)
EQ = =
# environment
PWD = /Datos/Programación/Proyectos C++/Grafica
# automatic
%D = $(patsubst %/,%,$(dir $%))
# environment
MAIL = /var/spool/mail/sergio
# makefile (from 'Makefile', line 51)
OBJECTS_DIR = ./
# automatic
^D = $(patsubst %/,%,$(dir $^))
# environment
VSCODE_LOG_STACK = false
# automatic
%F = $(notdir $%)
# environment
VSCODE_CODE_CACHE_PATH = /home/sergio/.config/Code - OSS/CachedData/899d46d82c4c95423fb7e10e68eba52050e30ba3
# environment
XDG_SESSION_PATH = /org/freedesktop/DisplayManager/Session7
# environment
LANG = C
# environment
XAUTHORITY = /run/user/1000/xauth_pbyZwQ
# default
.LOADED := 
# default
.INCLUDE_DIRS = /usr/include /usr/local/include /usr/include
# makefile (from 'Makefile', line 39)
DISTNAME = Grafica1.0.0
# makefile
MAKEFLAGS = pqrR
# environment
PLASMA_USE_QT_SCALING = 1
# makefile (from 'Makefile', line 37)
TAR = tar -cf
# makefile (from 'Makefile', line 40)
DISTDIR = /Datos/Programación/Proyectos\ C++/Grafica/.tmp/Grafica1.0.0
# makefile
CURDIR := /Datos/Programación/Proyectos C++/Grafica
# environment
VSCODE_PIPE_LOGGING = true
# environment
APPLICATION_INSIGHTS_NO_DIAGNOSTIC_CHANNEL = true
# makefile (from 'Makefile', line 21)
QMAKE = /usr/bin/qmake
# automatic
*D = $(patsubst %/,%,$(dir $*))
# makefile (from 'Makefile', line 46)
SED = sed
# environment
PAM_KWALLET5_LOGIN = /run/user/1000/kwallet5.socket
# makefile (from 'Makefile', line 31)
QINSTALL = /usr/bin/qmake -install qinstall
# environment
MFLAGS = -pqrR
# default
.SHELLFLAGS := -c
# environment
WAYLAND_DISPLAY = wayland-0
# environment
XDG_CONFIG_DIRS = /home/sergio/.config/kdedefaults:/etc/xdg
# automatic
+D = $(patsubst %/,%,$(dir $+))
# environment
XCURSOR_THEME = WinSur-dark-cursors
# environment
XDG_SESSION_DESKTOP = KDE
# environment
VSCODE_CRASH_REPORTER_START_OPTIONS = {"companyName":"Microsoft","productName":"Code - OSS","submitURL":"","uploadToServer":false}
# environment
ENABLE_VKBASALT = 1
# makefile (from 'Makefile', line 1)
MAKEFILE_LIST := Makefile
# automatic
@F = $(notdir $@)
# environment
VSCODE_VERBOSE_LOGGING = true
# environment
VSCODE_PID = 23889
# environment
XDG_SESSION_TYPE = wayland
# automatic
?D = $(patsubst %/,%,$(dir $?))
# makefile (from 'Makefile', line 45)
RANLIB = 
# makefile (from 'Makefile', line 285)
DESTDIR = 
# environment
SESSION_MANAGER = local/Orion:@/tmp/.ICE-unix/18803,unix/Orion:/tmp/.ICE-unix/18803
# automatic
*F = $(notdir $*)
# makefile (from 'Makefile', line 38)
COMPRESS = gzip -9f
# environment
CHROME_DESKTOP = code-oss.desktop
# environment
DBUS_SESSION_BUS_ADDRESS = unix:path=/run/user/1000/bus
# automatic
<D = $(patsubst %/,%,$(dir $<))
# environment
VSCODE_NLS_CONFIG = {"locale":"es","availableLanguages":{"*":"es"},"_languagePackId":"1a0efdb61e44124e1e10edd3da0bcd30.es","_translationsConfigFile":"/home/sergio/.config/Code - OSS/clp/1a0efdb61e44124e1e10edd3da0bcd30.es/tcf.json","_cacheRoot":"/home/sergio/.config/Code - OSS/clp/1a0efdb61e44124e1e10edd3da0bcd30.es","_resolvedLanguagePackCoreLocation":"/home/sergio/.config/Code - OSS/clp/1a0efdb61e44124e1e10edd3da0bcd30.es/899d46d82c4c95423fb7e10e68eba52050e30ba3","_corruptedFile":"/home/sergio/.config/Code - OSS/clp/1a0efdb61e44124e1e10edd3da0bcd30.es/corrupted.info","_languagePackSupport":true}
# makefile (from 'Makefile', line 27)
COPY_DIR = cp -f -R
# makefile (from 'Makefile', line 30)
INSTALL_DIR = cp -f -R
# environment
BREAKPAD_DUMP_LOCATION = /home/sergio/.config/Code - OSS/exthost Crash Reports
# default
MAKE_HOST := x86_64-pc-linux-gnu
# makefile
SHELL = /bin/sh
# makefile (from 'Makefile', line 23)
CHK_DIR_EXISTS = test -d
# default
MAKECMDGOALS := all
# makefile (from 'Makefile', line 17)
DEFINES = -DQT_NO_DEBUG -DQT_WIDGETS_LIB -DQT_GUI_LIB -DQT_CORE_LIB
# environment
XDG_ACTIVATION_TOKEN = Orion;1644009632;116554;18837_TIME0
# environment
SHLVL = 0
# environment
MAKELEVEL := 0
# makefile (from 'Makefile', line 24)
MKDIR = mkdir -p
# default
MAKE = $(MAKE_COMMAND)
# environment
PATH = /usr/local/sbin:/usr/local/bin:/usr/bin:/usr/bin/site_perl:/usr/bin/vendor_perl:/usr/bin/core_perl
# default
MAKEFILES := 
# environment
LANGUAGE = 
# environment
LC_MONETARY = es_ES.UTF-8
# environment
MOTD_SHOWN = pam
# automatic
^F = $(notdir $^)
# environment
LC_TIME = es_ES.UTF-8
# environment
VSCODE_LOG_NATIVE = false
# environment
LC_TELEPHONE = es_ES.UTF-8
# environment
GDK_SCALE = 1
# automatic
?F = $(notdir $?)
# makefile (from 'Makefile', line 26)
COPY_FILE = cp -f
# environment
KDE_APPLICATIONS_AS_SCOPE = 1
# environment
XDG_SEAT = seat0
# environment
XDG_CURRENT_DESKTOP = KDE
# environment
XKB_DEFAULT_VARIANT = winkeys
# automatic
+F = $(notdir $+)
# environment
XDG_SEAT_PATH = /org/freedesktop/DisplayManager/Seat0
# environment
DESKTOP_SESSION = plasmawayland
# environment
ORIGINAL_XDG_CURRENT_DESKTOP = KDE
# makefile (from 'Makefile', line 35)
DEL_DIR = rmdir
# makefile (from 'Makefile', line 58)
OBJECTS = main.o mainwindow.o funcion.o moc_mainwindow.o
# 'override' directive
GNUMAKEFLAGS := 
# environment
LOGNAME = sergio
# environment
XDG_VTNR = 2
# makefile
.DEFAULT_GOAL := first
# makefile (from 'Makefile', line 28)
INSTALL_FILE = install -m 644 -p
# environment
SYSTEMD_EXEC_PID = 8360
# makefile (from 'Makefile', line 34)
SYMLINK = ln -f -s
# environment
DISPLAY = :1
# environment
USER = sergio
# default
MAKE_VERSION := 4.3
# environment
KDE_SESSION_UID = 1000
# makefile (from 'Makefile', line 284)
QMAKE_TARGET = Grafica
# makefile (from 'Makefile', line 25)
COPY = cp -f
# makefile (from 'Makefile', line 20)
INCPATH = -I. -I/usr/include/qt -I/usr/include/qt/QtWidgets -I/usr/include/qt/QtGui -I/usr/include/qt/QtCore -I. -I. -I/usr/lib/qt/mkspecs/linux-g++
# environment
QT_WAYLAND_FORCE_DPI = 96
# environment
LC_MEASUREMENT = es_ES.UTF-8
# makefile (from 'Makefile', line 9)
MAKEFILE = Makefile
# environment
XKB_DEFAULT_LAYOUT = es
# environment
_ = /usr/bin/make
# environment
LC_PAPER = es_ES.UTF-8
# environment
XDG_RUNTIME_DIR = /run/user/1000
# makefile (from 'Makefile', line 18)
CFLAGS = -pipe -O2 -Wall -Wextra -D_REENTRANT -fPIC $(DEFINES)
# environment
XDG_SESSION_CLASS = user
# environment
VSCODE_AMD_ENTRYPOINT = vs/workbench/services/extensions/node/extensionHostProcess
# environment
GTK2_RC_FILES = /etc/gtk-2.0/gtkrc:/home/sergio/.gtkrc-2.0:/home/sergio/.config/gtkrc-2.0
# environment
HOME = /home/sergio
# environment
ELECTRON_RUN_AS_NODE = 1
# environment
VSCODE_IPC_HOOK = /run/user/1000/vscode-ce32c02d-1.63.2-main.sock
# environment
HG = /usr/bin/hg
# environment
XDG_SESSION_ID = 11
# environment
XCURSOR_SIZE = 24
# default
.RECIPEPREFIX := 
# automatic
<F = $(notdir $<)
 
# default
SUFFIXES := 
# makefile (from 'Makefile', line 286)
TARGET = Grafica
# environment
QT_AUTO_SCREEN_SCALE_FACTOR = 0
# environment
VSCODE_CLI = 1
# environment
ELECTRON_NO_ATTACH_CONSOLE = 1
# makefile (from 'Makefile', line 36)
MOVE = mv -f
# makefile (from 'Makefile', line 19)
CXXFLAGS = -pipe -O2 -std=gnu++11 -Wall -Wextra -D_REENTRANT -fPIC $(DEFINES)
# makefile (from 'Makefile', line 47)
STRIP = strip
# environment
KDE_SESSION_VERSION = 5
# default
.FEATURES := target-specific order-only second-expansion else-if shortest-stem undefine oneshell nocomment grouped-target extra-prereqs archives jobserver output-sync check-symlink guile load
# makefile (from 'Makefile', line 16)
CXX = g++
# makefile (from 'Makefile', line 15)
CC = gcc
# makefile (from 'Makefile', line 42)
LFLAGS = -Wl,-O1 -fPIC
# makefile (from 'Makefile', line 55)
SOURCES = main.cpp src/mainwindow.cpp src/funcion.cpp moc_mainwindow.cpp
# environment
KDE_FULL_SESSION = true
# environment
LC_IDENTIFICATION = es_ES.UTF-8
# variable set hash-table stats:
# Load=156/1024=15%, Rehash=0, Collisions=19/191=10%

# Pattern-specific Variable Values

# No pattern-specific variable values.

# Directories

# . (device 2052, inode 10472): 13 files, no impossibilities.

# 13 files, no impossibilities in 1 directories.

# Implicit Rules

# No implicit rules.

# Files

mocables: compiler_moc_header_make_all compiler_moc_objc_header_make_all compiler_moc_source_make_all
#  Implicit rule search has not been done.
#  Modification time never checked.
#  File has not been updated.

/usr/lib/qt/mkspecs/modules/qt_Attica.pri:
#  Implicit rule search has been done.
#  Last modified 2022-01-03 23:51:53
#  File has been updated.
#  Successfully updated.

/usr/lib/qt/mkspecs/modules/qt_KActivities.pri:
#  Implicit rule search has been done.
#  Last modified 2022-01-04 00:05:23
#  File has been updated.
#  Successfully updated.

/usr/lib/qt/mkspecs/modules/qt_lib_quick.pri:
#  Implicit rule search has been done.
#  Last modified 2022-01-31 17:34:41
#  File has been updated.
#  Successfully updated.

dist: distdir FORCE
#  Implicit rule search has not been done.
#  Modification time never checked.
#  File has not been updated.
#  recipe to execute (from 'Makefile', line 743):
	(cd `dirname $(DISTDIR)` && $(TAR) $(DISTNAME).tar $(DISTNAME) && $(COMPRESS) $(DISTNAME).tar) && $(MOVE) `dirname $(DISTDIR)`/$(DISTNAME).tar.gz . && $(DEL_FILE) -r $(DISTDIR)

funcion.o: src/funcion.cpp src/funcion.hpp
#  Implicit rule search has not been done.
#  Modification time never checked.
#  File has not been updated.
#  recipe to execute (from 'Makefile', line 823):
	$(CXX) -c $(CXXFLAGS) $(INCPATH) -o funcion.o src/funcion.cpp

/usr/lib/qt/mkspecs/modules/qt_KGuiAddons.pri:
#  Implicit rule search has been done.
#  Last modified 2022-01-03 23:49:26
#  File has been updated.
#  Successfully updated.

/usr/lib/qt/mkspecs/modules/qt_KJobWidgets.pri:
#  Implicit rule search has been done.
#  Last modified 2022-01-03 23:57:18
#  File has been updated.
#  Successfully updated.

/usr/lib/qt/mkspecs/features/default_pre.prf:
#  Implicit rule search has been done.
#  Last modified 2022-01-31 21:54:21
#  File has been updated.
#  Successfully updated.

/usr/lib/qt/mkspecs/modules/qt_lib_designer.pri:
#  Implicit rule search has been done.
#  Last modified 2022-01-29 23:36:41
#  File has been updated.
#  Successfully updated.

FORCE:
#  Implicit rule search has not been done.
#  Modification time never checked.
#  File has not been updated.

check: first
#  Implicit rule search has not been done.
#  Modification time never checked.
#  File has not been updated.

/usr/lib/qt/mkspecs/modules/qt_lib_eglfsdeviceintegration_private.pri:
#  Implicit rule search has been done.
#  Last modified 2022-01-31 21:54:21
#  File has been updated.
#  Successfully updated.

mainwindow.o: src/mainwindow.cpp src/mainwindow.h src/funcion.hpp ui_mainwindow.h
#  Implicit rule search has not been done.
#  Modification time never checked.
#  File has not been updated.
#  recipe to execute (from 'Makefile', line 820):
	$(CXX) -c $(CXXFLAGS) $(INCPATH) -o mainwindow.o src/mainwindow.cpp

distclean: clean
#  Implicit rule search has not been done.
#  Modification time never checked.
#  File has not been updated.
#  recipe to execute (from 'Makefile', line 760):
	-$(DEL_FILE) $(TARGET) 
	-$(DEL_FILE) .qmake.stash
	-$(DEL_FILE) Makefile

/usr/lib/qt/mkspecs/modules/qt_KXmlGui.pri:
#  Implicit rule search has been done.
#  Last modified 2022-01-03 23:55:37
#  File has been updated.
#  Successfully updated.

/usr/lib/qt/mkspecs/modules/qt_lib_xkbcommon_support_private.pri:
#  Implicit rule search has been done.
#  Last modified 2022-01-31 21:54:21
#  File has been updated.
#  Successfully updated.

/usr/lib/qt/mkspecs/modules/qt_lib_positioningquick.pri:
#  Implicit rule search has been done.
#  Last modified 2022-01-29 22:42:44
#  File has been updated.
#  Successfully updated.

moc_predefs.h: /usr/lib/qt/mkspecs/features/data/dummy.cpp
#  Implicit rule search has not been done.
#  Modification time never checked.
#  File has not been updated.
#  recipe to execute (from 'Makefile', line 781):
	g++ -pipe -O2 -std=gnu++11 -Wall -Wextra -dM -E -o moc_predefs.h /usr/lib/qt/mkspecs/features/data/dummy.cpp

/usr/lib/qt/mkspecs/modules/qt_lib_widgets.pri:
#  Implicit rule search has been done.
#  Last modified 2022-01-31 21:54:21
#  File has been updated.
#  Successfully updated.

/usr/lib/qt/mkspecs/modules/qt_KCompletion.pri:
#  Implicit rule search has been done.
#  Last modified 2022-01-03 23:48:55
#  File has been updated.
#  Successfully updated.

mocclean: compiler_moc_header_clean compiler_moc_objc_header_clean compiler_moc_source_clean
#  Implicit rule search has not been done.
#  Modification time never checked.
#  File has not been updated.

/usr/lib/qt/mkspecs/modules/qt_KEmoticons.pri:
#  Implicit rule search has been done.
#  Last modified 2022-01-04 00:10:36
#  File has been updated.
#  Successfully updated.

/usr/lib/qt/mkspecs/features/yacc.prf:
#  Implicit rule search has been done.
#  Last modified 2022-01-31 21:54:21
#  File has been updated.
#  Successfully updated.

/usr/lib/qt/mkspecs/common/gcc-base.conf:
#  Implicit rule search has been done.
#  Last modified 2022-01-31 21:54:21
#  File has been updated.
#  Successfully updated.

/usr/lib/qt/mkspecs/modules/qt_KNTLM.pri:
#  Implicit rule search has been done.
#  Last modified 2022-01-03 23:59:02
#  File has been updated.
#  Successfully updated.

uninstall_target: FORCE
#  Implicit rule search has not been done.
#  Modification time never checked.
#  File has not been updated.
#  recipe to execute (from 'Makefile', line 835):
	-$(DEL_FILE) $(INSTALL_ROOT)/opt/Grafica/bin/$(QMAKE_TARGET)
	-$(DEL_DIR) $(INSTALL_ROOT)/opt/Grafica/bin/ 

/usr/lib/qt/mkspecs/modules/qt_lib_quickcontrols2.pri:
#  Implicit rule search has been done.
#  Last modified 2022-01-31 22:16:01
#  File has been updated.
#  Successfully updated.

/usr/lib/qt/mkspecs/modules/qt_KTextWidgets.pri:
#  Implicit rule search has been done.
#  Last modified 2022-01-03 23:55:04
#  File has been updated.
#  Successfully updated.

/usr/lib/qt/mkspecs/modules/qt_lib_designercomponents_private.pri:
#  Implicit rule search has been done.
#  Last modified 2022-01-29 23:36:41
#  File has been updated.
#  Successfully updated.

/usr/lib/qt/mkspecs/modules/qt_lib_qmldevtools_private.pri:
#  Implicit rule search has been done.
#  Last modified 2022-01-31 17:34:41
#  File has been updated.
#  Successfully updated.

/usr/lib/qt/mkspecs/modules/qt_KCMUtils.pri:
#  Implicit rule search has been done.
#  Last modified 2022-01-04 00:04:46
#  File has been updated.
#  Successfully updated.

/usr/lib/qt/mkspecs/modules/qt_KCoreAddons.pri:
#  Implicit rule search has been done.
#  Last modified 2022-01-03 23:44:31
#  File has been updated.
#  Successfully updated.

/usr/lib/qt/mkspecs/modules/qt_lib_multimediagsttools_private.pri:
#  Implicit rule search has been done.
#  Last modified 2022-01-30 11:25:44
#  File has been updated.
#  Successfully updated.

/usr/lib/qt/mkspecs/features/toolchain.prf:
#  Implicit rule search has been done.
#  Last modified 2022-01-31 21:54:21
#  File has been updated.
#  Successfully updated.

compiler_yacc_decl_make_all:
#  Implicit rule search has not been done.
#  Modification time never checked.
#  File has not been updated.

/usr/lib/qt/mkspecs/features/link_ltcg.prf:
#  Implicit rule search has been done.
#  Last modified 2022-01-31 21:54:21
#  File has been updated.
#  Successfully updated.

/usr/lib/qt/mkspecs/modules/qt_QuickAddons.pri:
#  Implicit rule search has been done.
#  Last modified 2022-01-04 00:01:35
#  File has been updated.
#  Successfully updated.

/usr/lib/qt/mkspecs/modules/qt_lib_location.pri:
#  Implicit rule search has been done.
#  Last modified 2022-01-29 22:42:44
#  File has been updated.
#  Successfully updated.

 
compiler_clean: compiler_moc_predefs_clean compiler_moc_header_clean compiler_uic_clean
#  Implicit rule search has not been done.
#  Modification time never checked.
#  File has not been updated.

/usr/lib/qt/mkspecs/modules/qt_lib_qmltest.pri:
#  Implicit rule search has been done.
#  Last modified 2022-01-31 17:34:41
#  File has been updated.
#  Successfully updated.

/usr/lib/qt/mkspecs/modules/qt_KWallet.pri:
#  Implicit rule search has been done.
#  Last modified 2022-01-03 23:58:22
#  File has been updated.
#  Successfully updated.

/usr/lib/qt/mkspecs/modules/qt_KConfigWidgets.pri:
#  Implicit rule search has been done.
#  Last modified 2022-01-21 18:29:47
#  File has been updated.
#  Successfully updated.

/usr/lib/qt/mkspecs/modules/qt_KDSoapServer.pri:
#  Implicit rule search has been done.
#  Last modified 2021-07-01 08:01:31
#  File has been updated.
#  Successfully updated.

benchmark: first
#  Implicit rule search has not been done.
#  Modification time never checked.
#  File has not been updated.

/usr/lib/qt/mkspecs/modules/qt_lib_platformcompositor_support_private.pri:
#  Implicit rule search has been done.
#  Last modified 2022-01-31 21:54:21
#  File has been updated.
#  Successfully updated.

/usr/lib/qt/mkspecs/modules/qt_KIconThemes.pri:
#  Implicit rule search has been done.
#  Last modified 2022-01-03 23:53:58
#  File has been updated.
#  Successfully updated.

/usr/lib/qt/mkspecs/modules/qt_KService.pri:
#  Implicit rule search has been done.
#  Last modified 2022-01-03 23:52:21
#  File has been updated.
#  Successfully updated.

/usr/lib/qt/mkspecs/modules/qt_lib_help.pri:
#  Implicit rule search has been done.
#  Last modified 2022-01-29 23:36:41
#  File has been updated.
#  Successfully updated.

/usr/lib/qt/mkspecs/modules/qt_KSyntaxHighlighting.pri:
#  Implicit rule search has been done.
#  Last modified 2022-01-04 00:09:12
#  File has been updated.
#  Successfully updated.

/usr/lib/qt/mkspecs/features/qt_functions.prf:
#  Implicit rule search has been done.
#  Last modified 2022-01-31 21:54:21
#  File has been updated.
#  Successfully updated.

/usr/lib/qt/mkspecs/modules/qt_lib_egl_support_private.pri:
#  Implicit rule search has been done.
#  Last modified 2022-01-31 21:54:21
#  File has been updated.
#  Successfully updated.

/usr/lib/qt/mkspecs/modules/qt_SonnetCore.pri:
#  Implicit rule search has been done.
#  Last modified 2022-01-03 23:54:29
#  File has been updated.
#  Successfully updated.

/usr/lib/qt/mkspecs/common/gcc-base-unix.conf:
#  Implicit rule search has been done.
#  Last modified 2022-01-31 21:54:21
#  File has been updated.
#  Successfully updated.

/usr/lib/qt/mkspecs/modules/qt_KPty.pri:
#  Implicit rule search has been done.
#  Last modified 2022-01-04 00:03:21
#  File has been updated.
#  Successfully updated.

/usr/lib/qt/mkspecs/modules/qt_KJSApi.pri:
#  Implicit rule search has been done.
#  Last modified 2022-01-04 00:12:09
#  File has been updated.
#  Successfully updated.

/usr/lib/qt/mkspecs/modules/qt_KWaylandClient.pri:
#  Implicit rule search has been done.
#  Last modified 2022-01-04 00:05:57
#  File has been updated.
#  Successfully updated.

# Not a target:
src/funcion.cpp:
#  Implicit rule search has not been done.
#  Modification time never checked.
#  File has not been updated.

/usr/lib/qt/mkspecs/modules/qt_KDeclarative.pri:
#  Implicit rule search has been done.
#  Last modified 2022-01-04 00:01:35
#  File has been updated.
#  Successfully updated.

/usr/lib/qt/mkspecs/modules/qt_Syndication.pri:
#  Implicit rule search has been done.
#  Last modified 2022-01-04 00:29:59
#  File has been updated.
#  Successfully updated.

Makefile: Grafica.pro /usr/lib/qt/mkspecs/linux-g++/qmake.conf /usr/lib/qt/mkspecs/features/spec_pre.prf /usr/lib/qt/mkspecs/common/unix.conf /usr/lib/qt/mkspecs/common/linux.conf /usr/lib/qt/mkspecs/common/sanitize.conf /usr/lib/qt/mkspecs/common/gcc-base.conf /usr/lib/qt/mkspecs/common/gcc-base-unix.conf /usr/lib/qt/mkspecs/common/g++-base.conf /usr/lib/qt/mkspecs/common/g++-unix.conf /usr/lib/qt/mkspecs/qconfig.pri /usr/lib/qt/mkspecs/modules/qt_Attica.pri /usr/lib/qt/mkspecs/modules/qt_Baloo.pri /usr/lib/qt/mkspecs/modules/qt_BluezQt.pri /usr/lib/qt/mkspecs/modules/qt_KActivities.pri /usr/lib/qt/mkspecs/modules/qt_KActivitiesStats.pri /usr/lib/qt/mkspecs/modules/qt_KArchive.pri /usr/lib/qt/mkspecs/modules/qt_KAuth.pri /usr/lib/qt/mkspecs/modules/qt_KAuthCore.pri /usr/lib/qt/mkspecs/modules/qt_KBookmarks.pri /usr/lib/qt/mkspecs/modules/qt_KCMUtils.pri /usr/lib/qt/mkspecs/modules/qt_KCodecs.pri /usr/lib/qt/mkspecs/modules/qt_KCompletion.pri /usr/lib/qt/mkspecs/modules/qt_KConfigCore.pri /usr/lib/qt/mkspecs/modules/qt_KConfigGui.pri /usr/lib/qt/mkspecs/modules/qt_KConfigWidgets.pri /usr/lib/qt/mkspecs/modules/qt_KContacts.pri /usr/lib/qt/mkspecs/modules/qt_KCoreAddons.pri /usr/lib/qt/mkspecs/modules/qt_KCrash.pri /usr/lib/qt/mkspecs/modules/qt_KDBusAddons.pri /usr/lib/qt/mkspecs/modules/qt_KDeclarative.pri /usr/lib/qt/mkspecs/modules/qt_KDESu.pri /usr/lib/qt/mkspecs/modules/qt_KDNSSD.pri /usr/lib/qt/mkspecs/modules/qt_KDSoapClient.pri /usr/lib/qt/mkspecs/modules/qt_KDSoapServer.pri /usr/lib/qt/mkspecs/modules/qt_KEmoticons.pri /usr/lib/qt/mkspecs/modules/qt_KFileMetaData.pri /usr/lib/qt/mkspecs/modules/qt_KGlobalAccel.pri /usr/lib/qt/mkspecs/modules/qt_KGuiAddons.pri /usr/lib/qt/mkspecs/modules/qt_KHolidays.pri /usr/lib/qt/mkspecs/modules/qt_KI18n.pri /usr/lib/qt/mkspecs/modules/qt_KIconThemes.pri /usr/lib/qt/mkspecs/modules/qt_KIdleTime.pri /usr/lib/qt/mkspecs/modules/qt_KIOCore.pri /usr/lib/qt/mkspecs/modules/qt_KIOFileWidgets.pri /usr/lib/qt/mkspecs/modules/qt_KIOGui.pri /usr/lib/qt/mkspecs/modules/qt_KIOWidgets.pri /usr/lib/qt/mkspecs/modules/qt_Kirigami2.pri /usr/lib/qt/mkspecs/modules/qt_KItemModels.pri /usr/lib/qt/mkspecs/modules/qt_KItemViews.pri /usr/lib/qt/mkspecs/modules/qt_KJobWidgets.pri /usr/lib/qt/mkspecs/modules/qt_KJS.pri /usr/lib/qt/mkspecs/modules/qt_KJSApi.pri /usr/lib/qt/mkspecs/modules/qt_KNewStuff.pri /usr/lib/qt/mkspecs/modules/qt_KNewStuffCore.pri /usr/lib/qt/mkspecs/modules/qt_KNotifications.pri /usr/lib/qt/mkspecs/modules/qt_KNotifyConfig.pri /usr/lib/qt/mkspecs/modules/qt_KNTLM.pri /usr/lib/qt/mkspecs/modules/qt_KParts.pri /usr/lib/qt/mkspecs/modules/qt_KPeople.pri /usr/lib/qt/mkspecs/modules/qt_KPeopleWidgets.pri /usr/lib/qt/mkspecs/modules/qt_KPty.pri /usr/lib/qt/mkspecs/modules/qt_KRunner.pri /usr/lib/qt/mkspecs/modules/qt_KScreen.pri /usr/lib/qt/mkspecs/modules/qt_KService.pri /usr/lib/qt/mkspecs/modules/qt_KSyntaxHighlighting.pri /usr/lib/qt/mkspecs/modules/qt_KTextEditor.pri /usr/lib/qt/mkspecs/modules/qt_KTextWidgets.pri /usr/lib/qt/mkspecs/modules/qt_KUnitConversion.pri /usr/lib/qt/mkspecs/modules/qt_KUserFeedbackCore.pri /usr/lib/qt/mkspecs/modules/qt_KUserFeedbackWidgets.pri /usr/lib/qt/mkspecs/modules/qt_KWallet.pri /usr/lib/qt/mkspecs/modules/qt_KWaylandClient.pri /usr/lib/qt/mkspecs/modules/qt_KWaylandServer.pri /usr/lib/qt/mkspecs/modules/qt_KWidgetsAddons.pri /usr/lib/qt/mkspecs/modules/qt_KWindowSystem.pri /usr/lib/qt/mkspecs/modules/qt_KXmlGui.pri /usr/lib/qt/mkspecs/modules/qt_lib_accessibility_support_private.pri /usr/lib/qt/mkspecs/modules/qt_lib_bootstrap_private.pri /usr/lib/qt/mkspecs/modules/qt_lib_concurrent.pri /usr/lib/qt/mkspecs/modules/qt_lib_concurrent_private.pri /usr/lib/qt/mkspecs/modules/qt_lib_core.pri /usr/lib/qt/mkspecs/modules/qt_lib_core_private.pri /usr/lib/qt/mkspecs/modules/qt_lib_dbus.pri /usr/lib/qt/mkspecs/modules/qt_lib_dbus_private.pri /usr/lib/qt/mkspecs/modules/qt_lib_designer.pri /usr/lib/qt/mkspecs/modules/qt_lib_designer_private.pri /usr/lib/qt/mkspecs/modules/qt_lib_designercomponents_private.pri /usr/lib/qt/mkspecs/modules/qt_lib_devicediscovery_support_private.pri /usr/lib/qt/mkspecs/modules/qt_lib_edid_support_private.pri /usr/lib/qt/mkspecs/modules/qt_lib_egl_support_private.pri /usr/lib/qt/mkspecs/modules/qt_lib_eglfs_kms_support_private.pri /usr/lib/qt/mkspecs/modules/qt_lib_eglfsdeviceintegration_private.pri /usr/lib/qt/mkspecs/modules/qt_lib_eventdispatcher_support_private.pri /usr/lib/qt/mkspecs/modules/qt_lib_fb_support_private.pri /usr/lib/qt/mkspecs/modules/qt_lib_fontdatabase_support_private.pri /usr/lib/qt/mkspecs/modules/qt_lib_glx_support_private.pri /usr/lib/qt/mkspecs/modules/qt_lib_gui.pri /usr/lib/qt/mkspecs/modules/qt_lib_gui_private.pri /usr/lib/qt/mkspecs/modules/qt_lib_help.pri /usr/lib/qt/mkspecs/modules/qt_lib_help_private.pri /usr/lib/qt/mkspecs/modules/qt_lib_input_support_private.pri /usr/lib/qt/mkspecs/modules/qt_lib_kms_support_private.pri /usr/lib/qt/mkspecs/modules/qt_lib_linuxaccessibility_support_private.pri /usr/lib/qt/mkspecs/modules/qt_lib_location.pri /usr/lib/qt/mkspecs/modules/qt_lib_location_private.pri /usr/lib/qt/mkspecs/modules/qt_lib_multimedia.pri /usr/lib/qt/mkspecs/modules/qt_lib_multimedia_private.pri /usr/lib/qt/mkspecs/modules/qt_lib_multimediagsttools_private.pri /usr/lib/qt/mkspecs/modules/qt_lib_multimediawidgets.pri /usr/lib/qt/mkspecs/modules/qt_lib_multimediawidgets_private.pri /usr/lib/qt/mkspecs/modules/qt_lib_network.pri /usr/lib/qt/mkspecs/modules/qt_lib_network_private.pri /usr/lib/qt/mkspecs/modules/qt_lib_opengl.pri /usr/lib/qt/mkspecs/modules/qt_lib_opengl_private.pri /usr/lib/qt/mkspecs/modules/qt_lib_openglextensions.pri /usr/lib/qt/mkspecs/modules/qt_lib_openglextensions_private.pri /usr/lib/qt/mkspecs/modules/qt_lib_packetprotocol_private.pri /usr/lib/qt/mkspecs/modules/qt_lib_pdf.pri /usr/lib/qt/mkspecs/modules/qt_lib_pdf_private.pri /usr/lib/qt/mkspecs/modules/qt_lib_pdfwidgets.pri /usr/lib/qt/mkspecs/modules/qt_lib_pdfwidgets_private.pri /usr/lib/qt/mkspecs/modules/qt_lib_platformcompositor_support_private.pri /usr/lib/qt/mkspecs/modules/qt_lib_positioning.pri /usr/lib/qt/mkspecs/modules/qt_lib_positioning_private.pri /usr/lib/qt/mkspecs/modules/qt_lib_positioningquick.pri /usr/lib/qt/mkspecs/modules/qt_lib_positioningquick_private.pri /usr/lib/qt/mkspecs/modules/qt_lib_printsupport.pri /usr/lib/qt/mkspecs/modules/qt_lib_printsupport_private.pri /usr/lib/qt/mkspecs/modules/qt_lib_qml.pri /usr/lib/qt/mkspecs/modules/qt_lib_qml_private.pri /usr/lib/qt/mkspecs/modules/qt_lib_qmldebug_private.pri /usr/lib/qt/mkspecs/modules/qt_lib_qmldevtools_private.pri /usr/lib/qt/mkspecs/modules/qt_lib_qmlmodels.pri /usr/lib/qt/mkspecs/modules/qt_lib_qmlmodels_private.pri /usr/lib/qt/mkspecs/modules/qt_lib_qmltest.pri /usr/lib/qt/mkspecs/modules/qt_lib_qmltest_private.pri /usr/lib/qt/mkspecs/modules/qt_lib_qmlworkerscript.pri /usr/lib/qt/mkspecs/modules/qt_lib_qmlworkerscript_private.pri /usr/lib/qt/mkspecs/modules/qt_lib_qtmultimediaquicktools_private.pri /usr/lib/qt/mkspecs/modules/qt_lib_quick.pri /usr/lib/qt/mkspecs/modules/qt_lib_quick_private.pri /usr/lib/qt/mkspecs/modules/qt_lib_quickcontrols2.pri /usr/lib/qt/mkspecs/modules/qt_lib_quickcontrols2_private.pri /usr/lib/qt/mkspecs/modules/qt_lib_quickparticles_private.pri /usr/lib/qt/mkspecs/modules/qt_lib_quickshapes_private.pri /usr/lib/qt/mkspecs/modules/qt_lib_quicktemplates2.pri /usr/lib/qt/mkspecs/modules/qt_lib_quicktemplates2_private.pri /usr/lib/qt/mkspecs/modules/qt_lib_quickwidgets.pri /usr/lib/qt/mkspecs/modules/qt_lib_quickwidgets_private.pri /usr/lib/qt/mkspecs/modules/qt_lib_sensors.pri /usr/lib/qt/mkspecs/modules/qt_lib_sensors_private.pri /usr/lib/qt/mkspecs/modules/qt_lib_service_support_private.pri /usr/lib/qt/mkspecs/modules/qt_lib_sql.pri /usr/lib/qt/mkspecs/modules/qt_lib_sql_private.pri /usr/lib/qt/mkspecs/modules/qt_lib_svg.pri /usr/lib/qt/mkspecs/modules/qt_lib_svg_private.pri /usr/lib/qt/mkspecs/modules/qt_lib_testlib.pri /usr/lib/qt/mkspecs/modules/qt_lib_testlib_private.pri /usr/lib/qt/mkspecs/modules/qt_lib_texttospeech.pri /usr/lib/qt/mkspecs/modules/qt_lib_texttospeech_private.pri /usr/lib/qt/mkspecs/modules/qt_lib_theme_support_private.pri /usr/lib/qt/mkspecs/modules/qt_lib_uiplugin.pri /usr/lib/qt/mkspecs/modules/qt_lib_uitools.pri /usr/lib/qt/mkspecs/modules/qt_lib_uitools_private.pri /usr/lib/qt/mkspecs/modules/qt_lib_vulkan_support_private.pri /usr/lib/qt/mkspecs/modules/qt_lib_waylandclient.pri /usr/lib/qt/mkspecs/modules/qt_lib_waylandclient_private.pri /usr/lib/qt/mkspecs/modules/qt_lib_waylandcompositor.pri /usr/lib/qt/mkspecs/modules/qt_lib_waylandcompositor_private.pri /usr/lib/qt/mkspecs/modules/qt_lib_webchannel.pri /usr/lib/qt/mkspecs/modules/qt_lib_webchannel_private.pri /usr/lib/qt/mkspecs/modules/qt_lib_webengine.pri /usr/lib/qt/mkspecs/modules/qt_lib_webengine_private.pri /usr/lib/qt/mkspecs/modules/qt_lib_webenginecore.pri /usr/lib/qt/mkspecs/modules/qt_lib_webenginecore_private.pri /usr/lib/qt/mkspecs/modules/qt_lib_webenginecoreheaders_private.pri /usr/lib/qt/mkspecs/modules/qt_lib_webenginewidgets.pri /usr/lib/qt/mkspecs/modules/qt_lib_webenginewidgets_private.pri /usr/lib/qt/mkspecs/modules/qt_lib_widgets.pri /usr/lib/qt/mkspecs/modules/qt_lib_widgets_private.pri /usr/lib/qt/mkspecs/modules/qt_lib_x11extras.pri /usr/lib/qt/mkspecs/modules/qt_lib_x11extras_private.pri /usr/lib/qt/mkspecs/modules/qt_lib_xcb_qpa_lib_private.pri /usr/lib/qt/mkspecs/modules/qt_lib_xkbcommon_support_private.pri /usr/lib/qt/mkspecs/modules/qt_lib_xml.pri /usr/lib/qt/mkspecs/modules/qt_lib_xml_private.pri /usr/lib/qt/mkspecs/modules/qt_phonon4qt5.pri /usr/lib/qt/mkspecs/modules/qt_Prison.pri /usr/lib/qt/mkspecs/modules/qt_QuickAddons.pri /usr/lib/qt/mkspecs/modules/qt_Solid.pri /usr/lib/qt/mkspecs/modules/qt_SonnetCore.pri /usr/lib/qt/mkspecs/modules/qt_SonnetUi.pri /usr/lib/qt/mkspecs/modules/qt_Syndication.pri /usr/lib/qt/mkspecs/modules/qt_ThreadWeaver.pri /usr/lib/qt/mkspecs/features/qt_functions.prf /usr/lib/qt/mkspecs/features/qt_config.prf /usr/lib/qt/mkspecs/linux-g++/qmake.conf /usr/lib/qt/mkspecs/features/spec_post.prf .qmake.stash /usr/lib/qt/mkspecs/features/exclusive_builds.prf /usr/lib/qt/mkspecs/features/toolchain.prf /usr/lib/qt/mkspecs/features/default_pre.prf /usr/lib/qt/mkspecs/features/resolve_config.prf /usr/lib/qt/mkspecs/features/default_post.prf /usr/lib/qt/mkspecs/features/warn_on.prf /usr/lib/qt/mkspecs/features/qt.prf /usr/lib/qt/mkspecs/features/resources_functions.prf /usr/lib/qt/mkspecs/features/resources.prf /usr/lib/qt/mkspecs/features/moc.prf /usr/lib/qt/mkspecs/features/link_ltcg.prf /usr/lib/qt/mkspecs/features/unix/opengl.prf /usr/lib/qt/mkspecs/features/uic.prf /usr/lib/qt/mkspecs/features/unix/thread.prf /usr/lib/qt/mkspecs/features/qmake_use.prf /usr/lib/qt/mkspecs/features/file_copies.prf /usr/lib/qt/mkspecs/features/testcase_targets.prf /usr/lib/qt/mkspecs/features/exceptions.prf /usr/lib/qt/mkspecs/features/yacc.prf /usr/lib/qt/mkspecs/features/lex.prf Grafica.pro
#  Implicit rule search has not been done.
#  Last modified 2022-02-04 22:48:02.1427794
#  File has been updated.
#  Successfully updated.
#  recipe to execute (from 'Makefile', line 514):
	$(QMAKE) -o Makefile Grafica.pro

moc_mainwindow.cpp: include/mainwindow.h include/funcion.hpp moc_predefs.h /usr/bin/moc
#  Implicit rule search has not been done.
#  Modification time never checked.
#  File has not been updated.
#  recipe to execute (from 'Makefile', line 790):
	/usr/bin/moc $(DEFINES) --include '/Datos/Programación/Proyectos C++/Grafica/moc_predefs.h' -I/usr/lib/qt/mkspecs/linux-g++ -I'/Datos/Programación/Proyectos C++/Grafica' -I/usr/include/qt -I/usr/include/qt/QtWidgets -I/usr/include/qt/QtGui -I/usr/include/qt/QtCore -I/usr/include/c++/11.1.0 -I/usr/include/c++/11.1.0/x86_64-pc-linux-gnu -I/usr/include/c++/11.1.0/backward -I/usr/lib/gcc/x86_64-pc-linux-gnu/11.1.0/include -I/usr/local/include -I/usr/lib/gcc/x86_64-pc-linux-gnu/11.1.0/include-fixed -I/usr/include include/mainwindow.h -o moc_mainwindow.cpp

/usr/lib/qt/mkspecs/modules/qt_lib_bootstrap_private.pri:
#  Implicit rule search has been done.
#  Last modified 2022-01-31 21:54:21
#  File has been updated.
#  Successfully updated.

/usr/lib/qt/mkspecs/modules/qt_lib_xcb_qpa_lib_private.pri:
#  Implicit rule search has been done.
#  Last modified 2022-01-31 21:54:21
#  File has been updated.
#  Successfully updated.

/usr/lib/qt/mkspecs/modules/qt_KRunner.pri:
#  Implicit rule search has been done.
#  Last modified 2022-01-04 00:22:40
#  File has been updated.
#  Successfully updated.

/usr/lib/qt/mkspecs/modules/qt_KConfigGui.pri:
#  Implicit rule search has been done.
#  Last modified 2022-01-03 23:47:43
#  File has been updated.
#  Successfully updated.

/usr/lib/qt/mkspecs/modules/qt_lib_widgets_private.pri:
#  Implicit rule search has been done.
#  Last modified 2022-01-31 21:54:21
#  File has been updated.
#  Successfully updated.

/usr/lib/qt/mkspecs/modules/qt_KWidgetsAddons.pri:
#  Implicit rule search has been done.
#  Last modified 2022-01-03 23:48:15
#  File has been updated.
#  Successfully updated.

/usr/lib/qt/mkspecs/modules/qt_lib_printsupport_private.pri:
#  Implicit rule search has been done.
#  Last modified 2022-01-31 21:54:21
#  File has been updated.
#  Successfully updated.

/usr/lib/qt/mkspecs/modules/qt_lib_texttospeech_private.pri:
#  Implicit rule search has been done.
#  Last modified 2022-01-30 12:58:38
#  File has been updated.
#  Successfully updated.

distdir: FORCE
#  Implicit rule search has not been done.
#  Modification time never checked.
#  File has not been updated.
#  recipe to execute (from 'Makefile', line 746):
	@test -d $(DISTDIR) || mkdir -p $(DISTDIR)
	$(COPY_FILE) --parents $(DIST) $(DISTDIR)/
	$(COPY_FILE) --parents /usr/lib/qt/mkspecs/features/data/dummy.cpp $(DISTDIR)/
	$(COPY_FILE) --parents include/mainwindow.h include/funcion.hpp $(DISTDIR)/
	$(COPY_FILE) --parents main.cpp src/mainwindow.cpp src/funcion.cpp $(DISTDIR)/
	$(COPY_FILE) --parents ui/mainwindow.ui $(DISTDIR)/

/usr/lib/qt/mkspecs/modules/qt_lib_waylandclient_private.pri:
#  Implicit rule search has been done.
#  Last modified 2022-01-30 13:15:52
#  File has been updated.
#  Successfully updated.

/usr/lib/qt/mkspecs/modules/qt_lib_input_support_private.pri:
#  Implicit rule search has been done.
#  Last modified 2022-01-31 21:54:21
#  File has been updated.
#  Successfully updated.

uninstall: uninstall_target FORCE
#  Implicit rule search has not been done.
#  Modification time never checked.
#  File has not been updated.

/usr/lib/qt/mkspecs/modules/qt_lib_webchannel_private.pri:
#  Implicit rule search has been done.
#  Last modified 2022-01-29 23:45:11
#  File has been updated.
#  Successfully updated.

compiler_yacc_impl_clean:
#  Implicit rule search has not been done.
#  Modification time never checked.
#  File has not been updated.

/usr/lib/qt/mkspecs/modules/qt_lib_fb_support_private.pri:
#  Implicit rule search has been done.
#  Last modified 2022-01-31 21:54:21
#  File has been updated.
#  Successfully updated.

clean: compiler_clean
#  Implicit rule search has not been done.
#  Modification time never checked.
#  File has not been updated.
#  recipe to execute (from 'Makefile', line 755):
	-$(DEL_FILE) $(OBJECTS)
	-$(DEL_FILE) *~ core *.core

/usr/lib/qt/mkspecs/features/resources.prf:
#  Implicit rule search has been done.
#  Last modified 2022-01-31 21:54:21
#  File has been updated.
#  Successfully updated.

/usr/lib/qt/mkspecs/modules/qt_lib_gui_private.pri:
#  Implicit rule search has been done.
#  Last modified 2022-01-31 21:54:21
#  File has been updated.
#  Successfully updated.

/usr/lib/qt/mkspecs/modules/qt_phonon4qt5.pri:
#  Implicit rule search has been done.
#  Last modified 2022-02-02 15:27:28
#  File has been updated.
#  Successfully updated.

/usr/lib/qt/mkspecs/modules/qt_lib_sql_private.pri:
#  Implicit rule search has been done.
#  Last modified 2022-01-31 21:54:21
#  File has been updated.
#  Successfully updated.

compiler_uic_clean:
#  Implicit rule search has not been done.
#  Modification time never checked.
#  File has not been updated.
#  recipe to execute (from 'Makefile', line 798):
	-$(DEL_FILE) ui_mainwindow.h

/usr/lib/qt/mkspecs/modules/qt_lib_eventdispatcher_support_private.pri:
#  Implicit rule search has been done.
#  Last modified 2022-01-31 21:54:21
 
#  File has been updated.
#  Successfully updated.

/usr/lib/qt/mkspecs/modules/qt_lib_qmlmodels_private.pri:
#  Implicit rule search has been done.
#  Last modified 2022-01-31 17:34:41
#  File has been updated.
#  Successfully updated.

/usr/lib/qt/mkspecs/modules/qt_lib_x11extras_private.pri:
#  Implicit rule search has been done.
#  Last modified 2022-01-30 13:31:24
#  File has been updated.
#  Successfully updated.

/usr/lib/qt/mkspecs/modules/qt_KUnitConversion.pri:
#  Implicit rule search has been done.
#  Last modified 2022-01-04 00:03:47
#  File has been updated.
#  Successfully updated.

/usr/lib/qt/mkspecs/modules/qt_lib_qtmultimediaquicktools_private.pri:
#  Implicit rule search has been done.
#  Last modified 2022-01-30 11:25:44
#  File has been updated.
#  Successfully updated.

/usr/lib/qt/mkspecs/modules/qt_KAuth.pri:
#  Implicit rule search has been done.
#  Last modified 2022-01-03 23:46:44
#  File has been updated.
#  Successfully updated.

/usr/lib/qt/mkspecs/modules/qt_lib_accessibility_support_private.pri:
#  Implicit rule search has been done.
#  Last modified 2022-01-31 21:54:21
#  File has been updated.
#  Successfully updated.

/usr/lib/qt/mkspecs/modules/qt_lib_theme_support_private.pri:
#  Implicit rule search has been done.
#  Last modified 2022-01-31 21:54:21
#  File has been updated.
#  Successfully updated.

compiler_moc_source_clean:
#  Implicit rule search has not been done.
#  Modification time never checked.
#  File has not been updated.

/usr/lib/qt/mkspecs/modules/qt_lib_webengine.pri:
#  Implicit rule search has been done.
#  Last modified 2022-01-31 22:20:09
#  File has been updated.
#  Successfully updated.

/usr/lib/qt/mkspecs/modules/qt_lib_pdfwidgets_private.pri:
#  Implicit rule search has been done.
#  Last modified 2022-01-31 22:20:09
#  File has been updated.
#  Successfully updated.

/usr/lib/qt/mkspecs/modules/qt_KCodecs.pri:
#  Implicit rule search has been done.
#  Last modified 2022-01-03 23:47:16
#  File has been updated.
#  Successfully updated.

/usr/lib/qt/mkspecs/modules/qt_KNotifyConfig.pri:
#  Implicit rule search has been done.
#  Last modified 2022-01-04 00:21:12
#  File has been updated.
#  Successfully updated.

/usr/lib/qt/mkspecs/modules/qt_KIOWidgets.pri:
#  Implicit rule search has been done.
#  Last modified 2022-01-03 23:59:02
#  File has been updated.
#  Successfully updated.

Grafica.pro:
#  Implicit rule search has been done.
#  Last modified 2022-02-04 20:36:03.8824194
#  File has been updated.
#  Successfully updated.

/usr/lib/qt/mkspecs/features/resources_functions.prf:
#  Implicit rule search has been done.
#  Last modified 2022-01-31 21:54:21
#  File has been updated.
#  Successfully updated.

# Not a target:
/usr/bin/uic:
#  Implicit rule search has been done.
#  Last modified 2022-01-31 21:54:21
#  File has been updated.
#  Successfully updated.

compiler_moc_predefs_make_all: moc_predefs.h
#  Implicit rule search has not been done.
#  Modification time never checked.
#  File has not been updated.

/usr/lib/qt/mkspecs/modules/qt_KIOGui.pri:
#  Implicit rule search has been done.
#  Last modified 2022-01-03 23:59:02
#  File has been updated.
#  Successfully updated.

/usr/lib/qt/mkspecs/modules/qt_lib_quicktemplates2_private.pri:
#  Implicit rule search has been done.
#  Last modified 2022-01-31 22:16:01
#  File has been updated.
#  Successfully updated.

/usr/lib/qt/mkspecs/modules/qt_ThreadWeaver.pri:
#  Implicit rule search has been done.
#  Last modified 2022-01-04 00:04:16
#  File has been updated.
#  Successfully updated.

/usr/lib/qt/mkspecs/features/lex.prf:
#  Implicit rule search has been done.
#  Last modified 2022-01-31 21:54:21
#  File has been updated.
#  Successfully updated.

/usr/lib/qt/mkspecs/modules/qt_KNewStuffCore.pri:
#  Implicit rule search has been done.
#  Last modified 2022-01-04 00:09:50
#  File has been updated.
#  Successfully updated.

/usr/lib/qt/mkspecs/modules/qt_lib_pdfwidgets.pri:
#  Implicit rule search has been done.
#  Last modified 2022-01-31 22:20:09
#  File has been updated.
#  Successfully updated.

/usr/lib/qt/mkspecs/modules/qt_lib_eglfs_kms_support_private.pri:
#  Implicit rule search has been done.
#  Last modified 2022-01-31 21:54:21
#  File has been updated.
#  Successfully updated.

/usr/lib/qt/mkspecs/modules/qt_lib_kms_support_private.pri:
#  Implicit rule search has been done.
#  Last modified 2022-01-31 21:54:21
#  File has been updated.
#  Successfully updated.

/usr/lib/qt/mkspecs/modules/qt_KItemModels.pri:
#  Implicit rule search has been done.
#  Last modified 2022-01-04 00:20:45
#  File has been updated.
#  Successfully updated.

compiler_moc_header_clean:
#  Implicit rule search has not been done.
#  Modification time never checked.
#  File has not been updated.
#  recipe to execute (from 'Makefile', line 785):
	-$(DEL_FILE) moc_mainwindow.cpp

compiler_moc_objc_header_make_all:
#  Implicit rule search has not been done.
#  Modification time never checked.
#  File has not been updated.

/usr/lib/qt/mkspecs/modules/qt_KI18n.pri:
#  Implicit rule search has been done.
#  Last modified 2022-01-03 23:45:27
#  File has been updated.
#  Successfully updated.

/usr/lib/qt/mkspecs/modules/qt_KHolidays.pri:
#  Implicit rule search has been done.
#  Last modified 2022-01-04 00:19:54
#  File has been updated.
#  Successfully updated.

/usr/lib/qt/mkspecs/modules/qt_Kirigami2.pri:
#  Implicit rule search has been done.
#  Last modified 2022-01-04 00:06:34
#  File has been updated.
#  Successfully updated.

/usr/lib/qt/mkspecs/modules/qt_lib_webenginecoreheaders_private.pri:
#  Implicit rule search has been done.
#  Last modified 2022-01-31 22:20:09
#  File has been updated.
#  Successfully updated.

compiler_yacc_impl_make_all:
#  Implicit rule search has not been done.
#  Modification time never checked.
#  File has not been updated.

/usr/lib/qt/mkspecs/features/unix/thread.prf:
#  Implicit rule search has been done.
#  Last modified 2022-01-31 21:54:21
#  File has been updated.
#  Successfully updated.

/usr/lib/qt/mkspecs/modules/qt_lib_pdf_private.pri:
#  Implicit rule search has been done.
#  Last modified 2022-01-31 22:20:09
#  File has been updated.
#  Successfully updated.

/usr/lib/qt/mkspecs/modules/qt_lib_opengl_private.pri:
#  Implicit rule search has been done.
#  Last modified 2022-01-31 21:54:21
#  File has been updated.
#  Successfully updated.

/usr/lib/qt/mkspecs/modules/qt_lib_designer_private.pri:
#  Implicit rule search has been done.
#  Last modified 2022-01-29 23:36:41
#  File has been updated.
#  Successfully updated.

/usr/lib/qt/mkspecs/modules/qt_KIOFileWidgets.pri:
#  Implicit rule search has been done.
#  Last modified 2022-01-03 23:59:02
#  File has been updated.
#  Successfully updated.

/usr/lib/qt/mkspecs/modules/qt_lib_quicktemplates2.pri:
#  Implicit rule search has been done.
#  Last modified 2022-01-31 22:16:01
#  File has been updated.
#  Successfully updated.

Grafica: ui_mainwindow.h main.o mainwindow.o funcion.o moc_mainwindow.o
#  Implicit rule search has not been done.
#  File does not exist.
#  File has been updated.
#  Needs to be updated (-q is set).
# variable set hash-table stats:
# Load=0/32=0%, Rehash=0, Collisions=0/3=0%
#  recipe to execute (from 'Makefile', line 293):
	$(LINK) $(LFLAGS) -o $(TARGET) $(OBJECTS) $(OBJCOMP) $(LIBS)

/usr/lib/qt/mkspecs/modules/qt_Solid.pri:
#  Implicit rule search has been done.
#  Last modified 2022-01-03 23:56:40
#  File has been updated.
#  Successfully updated.

/usr/lib/qt/mkspecs/modules/qt_lib_qmlworkerscript.pri:
#  Implicit rule search has been done.
#  Last modified 2022-01-31 17:34:41
#  File has been updated.
#  Successfully updated.

/usr/lib/qt/mkspecs/modules/qt_lib_webenginewidgets.pri:
#  Implicit rule search has been done.
#  Last modified 2022-01-31 22:20:09
#  File has been updated.
#  Successfully updated.

ui_mainwindow.h: ui/mainwindow.ui /usr/bin/uic
#  Implicit rule search has not been done.
#  Implicit/static pattern stem: ''
#  File does not exist.
#  File has been updated.
#  Needs to be updated (-q is set).
# automatic
# @ := ui_mainwindow.h
# automatic
# * := 
# automatic
# < := ui/mainwindow.ui
# automatic
# + := ui/mainwindow.ui /usr/bin/uic
# automatic
# % := 
# automatic
# ^ := ui/mainwindow.ui /usr/bin/uic
# automatic
# ? := ui/mainwindow.ui /usr/bin/uic
# automatic
# | := 
# variable set hash-table stats:
# Load=8/32=25%, Rehash=0, Collisions=1/11=9%
#  recipe to execute (from 'Makefile', line 801):
	/usr/bin/uic ui/mainwindow.ui -o ui_mainwindow.h

/usr/lib/qt/mkspecs/modules/qt_KGlobalAccel.pri:
#  Implicit rule search has been done.
 
#  Last modified 2022-01-03 23:52:52
#  File has been updated.
#  Successfully updated.

# Not a target:
src/mainwindow.cpp:
#  Implicit rule search has not been done.
#  Modification time never checked.
#  File has not been updated.

/usr/lib/qt/mkspecs/modules/qt_KIOCore.pri:
#  Implicit rule search has been done.
#  Last modified 2022-01-03 23:59:02
#  File has been updated.
#  Successfully updated.

/usr/lib/qt/mkspecs/common/unix.conf:
#  Implicit rule search has been done.
#  Last modified 2022-01-31 21:54:21
#  File has been updated.
#  Successfully updated.

/usr/lib/qt/mkspecs/modules/qt_KBookmarks.pri:
#  Implicit rule search has been done.
#  Last modified 2022-01-03 23:56:11
#  File has been updated.
#  Successfully updated.

/usr/lib/qt/mkspecs/modules/qt_lib_core.pri:
#  Implicit rule search has been done.
#  Last modified 2022-01-31 21:54:21
#  File has been updated.
#  Successfully updated.

/usr/lib/qt/mkspecs/modules/qt_lib_pdf.pri:
#  Implicit rule search has been done.
#  Last modified 2022-01-31 22:20:09
#  File has been updated.
#  Successfully updated.

/usr/lib/qt/mkspecs/modules/qt_KDSoapClient.pri:
#  Implicit rule search has been done.
#  Last modified 2021-07-01 08:01:31
#  File has been updated.
#  Successfully updated.

/usr/lib/qt/mkspecs/modules/qt_lib_quickshapes_private.pri:
#  Implicit rule search has been done.
#  Last modified 2022-01-31 17:34:41
#  File has been updated.
#  Successfully updated.

/usr/lib/qt/mkspecs/common/sanitize.conf:
#  Implicit rule search has been done.
#  Last modified 2022-01-31 21:54:21
#  File has been updated.
#  Successfully updated.

/usr/lib/qt/mkspecs/modules/qt_lib_opengl.pri:
#  Implicit rule search has been done.
#  Last modified 2022-01-31 21:54:21
#  File has been updated.
#  Successfully updated.

# Not a target:
.DEFAULT:
#  Implicit rule search has not been done.
#  Modification time never checked.
#  File has not been updated.

/usr/lib/qt/mkspecs/modules/qt_lib_service_support_private.pri:
#  Implicit rule search has been done.
#  Last modified 2022-01-31 21:54:21
#  File has been updated.
#  Successfully updated.

/usr/lib/qt/mkspecs/modules/qt_lib_quickwidgets.pri:
#  Implicit rule search has been done.
#  Last modified 2022-01-31 17:34:41
#  File has been updated.
#  Successfully updated.

/usr/lib/qt/mkspecs/features/qt_config.prf:
#  Implicit rule search has been done.
#  Last modified 2022-01-31 21:54:21
#  File has been updated.
#  Successfully updated.

/usr/lib/qt/mkspecs/modules/qt_KDESu.pri:
#  Implicit rule search has been done.
#  Last modified 2022-01-04 00:19:01
#  File has been updated.
#  Successfully updated.

/usr/lib/qt/mkspecs/modules/qt_lib_fontdatabase_support_private.pri:
#  Implicit rule search has been done.
#  Last modified 2022-01-31 21:54:21
#  File has been updated.
#  Successfully updated.

/usr/lib/qt/mkspecs/modules/qt_lib_dbus.pri:
#  Implicit rule search has been done.
#  Last modified 2022-01-31 21:54:21
#  File has been updated.
#  Successfully updated.

/usr/lib/qt/mkspecs/modules/qt_KScreen.pri:
#  Implicit rule search has been done.
#  Last modified 2022-01-04 11:10:25
#  File has been updated.
#  Successfully updated.

/usr/lib/qt/mkspecs/modules/qt_lib_glx_support_private.pri:
#  Implicit rule search has been done.
#  Last modified 2022-01-31 21:54:21
#  File has been updated.
#  Successfully updated.

/usr/lib/qt/mkspecs/modules/qt_lib_location_private.pri:
#  Implicit rule search has been done.
#  Last modified 2022-01-29 22:42:44
#  File has been updated.
#  Successfully updated.

/usr/lib/qt/mkspecs/modules/qt_KWindowSystem.pri:
#  Implicit rule search has been done.
#  Last modified 2022-01-03 23:50:29
#  File has been updated.
#  Successfully updated.

/usr/lib/qt/mkspecs/features/spec_post.prf:
#  Implicit rule search has been done.
#  Last modified 2022-01-31 21:54:21
#  File has been updated.
#  Successfully updated.

compiler_rcc_clean:
#  Implicit rule search has not been done.
#  Modification time never checked.
#  File has not been updated.

all: Makefile Grafica
#  Command line target.
#  Implicit rule search has been done.
#  File does not exist.
#  File has been updated.
#  Needs to be updated (-q is set).
# variable set hash-table stats:
# Load=0/32=0%, Rehash=0, Collisions=0/3=0%

/usr/lib/qt/mkspecs/modules/qt_KIdleTime.pri:
#  Implicit rule search has been done.
#  Last modified 2022-01-04 00:08:43
#  File has been updated.
#  Successfully updated.

/usr/lib/qt/mkspecs/features/exceptions.prf:
#  Implicit rule search has been done.
#  Last modified 2022-01-31 21:54:21
#  File has been updated.
#  Successfully updated.

/usr/lib/qt/mkspecs/features/default_post.prf:
#  Implicit rule search has been done.
#  Last modified 2022-01-31 21:54:21
#  File has been updated.
#  Successfully updated.

/usr/lib/qt/mkspecs/modules/qt_lib_waylandcompositor_private.pri:
#  Implicit rule search has been done.
#  Last modified 2022-01-30 13:15:52
#  File has been updated.
#  Successfully updated.

/usr/lib/qt/mkspecs/modules/qt_SonnetUi.pri:
#  Implicit rule search has been done.
#  Last modified 2022-01-03 23:54:29
#  File has been updated.
#  Successfully updated.

/usr/lib/qt/mkspecs/modules/qt_KCrash.pri:
#  Implicit rule search has been done.
#  Last modified 2022-01-03 23:51:01
#  File has been updated.
#  Successfully updated.

/usr/lib/qt/mkspecs/modules/qt_Baloo.pri:
#  Implicit rule search has been done.
#  Last modified 2022-01-04 00:12:46
#  File has been updated.
#  Successfully updated.

/usr/lib/qt/mkspecs/modules/qt_lib_devicediscovery_support_private.pri:
#  Implicit rule search has been done.
#  Last modified 2022-01-31 21:54:21
#  File has been updated.
#  Successfully updated.

/usr/lib/qt/mkspecs/modules/qt_lib_gui.pri:
#  Implicit rule search has been done.
#  Last modified 2022-01-31 21:54:21
#  File has been updated.
#  Successfully updated.

/usr/lib/qt/mkspecs/modules/qt_lib_quickcontrols2_private.pri:
#  Implicit rule search has been done.
#  Last modified 2022-01-31 22:16:01
#  File has been updated.
#  Successfully updated.

/usr/lib/qt/mkspecs/modules/qt_lib_dbus_private.pri:
#  Implicit rule search has been done.
#  Last modified 2022-01-31 21:54:21
#  File has been updated.
#  Successfully updated.

# Not a target:
ui/mainwindow.ui:
#  Implicit rule search has been done.
#  Last modified 2022-02-04 17:04:22.7996812
#  File has been updated.
#  Successfully updated.

qmake_all: FORCE
#  Implicit rule search has not been done.
#  Modification time never checked.
#  File has not been updated.

/usr/lib/qt/mkspecs/modules/qt_lib_uitools_private.pri:
#  Implicit rule search has been done.
#  Last modified 2022-01-29 23:36:41
#  File has been updated.
#  Successfully updated.

# Not a target:
main.cpp:
#  Implicit rule search has not been done.
#  Modification time never checked.
#  File has not been updated.

/usr/lib/qt/mkspecs/modules/qt_BluezQt.pri:
#  Implicit rule search has been done.
#  Last modified 2022-01-04 00:13:32
#  File has been updated.
#  Successfully updated.

/usr/lib/qt/mkspecs/modules/qt_KItemViews.pri:
#  Implicit rule search has been done.
#  Last modified 2022-01-03 23:53:28
#  File has been updated.
#  Successfully updated.

.qmake.stash:
#  Implicit rule search has been done.
#  Last modified 2022-01-24 21:04:45.8247325
#  File has been updated.
#  Successfully updated.

/usr/lib/qt/mkspecs/modules/qt_lib_packetprotocol_private.pri:
#  Implicit rule search has been done.
#  Last modified 2022-01-31 17:34:41
#  File has been updated.
#  Successfully updated.

/usr/lib/qt/mkspecs/modules/qt_KArchive.pri:
#  Implicit rule search has been done.
#  Last modified 2022-01-03 23:45:02
#  File has been updated.
#  Successfully updated.

/usr/lib/qt/mkspecs/modules/qt_lib_vulkan_support_private.pri:
#  Implicit rule search has been done.
#  Last modified 2022-01-31 21:54:21
#  File has been updated.
#  Successfully updated.

compiler_uic_make_all: ui_mainwindow.h
#  Implicit rule search has not been done.
#  Modification time never checked.
#  File has not been updated.

/usr/lib/qt/mkspecs/features/spec_pre.prf:
#  Implicit rule search has been done.
#  Last modified 2022-01-31 21:54:21
#  File has been updated.
#  Successfully updated.

/usr/lib/qt/mkspecs/modules/qt_lib_qmlmodels.pri:
#  Implicit rule search has been done.
 
#  Last modified 2022-01-31 17:34:41
#  File has been updated.
#  Successfully updated.

/usr/lib/qt/mkspecs/modules/qt_lib_quickparticles_private.pri:
#  Implicit rule search has been done.
#  Last modified 2022-01-31 17:34:41
#  File has been updated.
#  Successfully updated.

/usr/lib/qt/mkspecs/modules/qt_lib_testlib.pri:
#  Implicit rule search has been done.
#  Last modified 2022-01-31 21:54:21
#  File has been updated.
#  Successfully updated.

/usr/lib/qt/mkspecs/modules/qt_KActivitiesStats.pri:
#  Implicit rule search has been done.
#  Last modified 2022-01-04 00:17:12
#  File has been updated.
#  Successfully updated.

# Not a target:
src/funcion.hpp:
#  Implicit rule search has not been done.
#  Modification time never checked.
#  File has not been updated.

main.o: main.cpp include/mainwindow.h include/funcion.hpp
#  Implicit rule search has not been done.
#  Modification time never checked.
#  File has not been updated.
#  recipe to execute (from 'Makefile', line 815):
	$(CXX) -c $(CXXFLAGS) $(INCPATH) -o main.o main.cpp

# Not a target:
include/mainwindow.h:
#  Implicit rule search has not been done.
#  Modification time never checked.
#  File has not been updated.

/usr/lib/qt/mkspecs/features/file_copies.prf:
#  Implicit rule search has been done.
#  Last modified 2022-01-31 21:54:21
#  File has been updated.
#  Successfully updated.

# Not a target:
src/mainwindow.h:
#  Implicit rule search has not been done.
#  Modification time never checked.
#  File has not been updated.

/usr/lib/qt/mkspecs/modules/qt_lib_uitools.pri:
#  Implicit rule search has been done.
#  Last modified 2022-01-29 23:36:41
#  File has been updated.
#  Successfully updated.

/usr/lib/qt/mkspecs/modules/qt_lib_waylandclient.pri:
#  Implicit rule search has been done.
#  Last modified 2022-01-30 13:15:52
#  File has been updated.
#  Successfully updated.

/usr/lib/qt/mkspecs/features/unix/opengl.prf:
#  Implicit rule search has been done.
#  Last modified 2022-01-31 21:54:21
#  File has been updated.
#  Successfully updated.

/usr/lib/qt/mkspecs/modules/qt_lib_core_private.pri:
#  Implicit rule search has been done.
#  Last modified 2022-01-31 21:54:21
#  File has been updated.
#  Successfully updated.

/usr/lib/qt/mkspecs/modules/qt_lib_qml_private.pri:
#  Implicit rule search has been done.
#  Last modified 2022-01-31 17:34:41
#  File has been updated.
#  Successfully updated.

/usr/lib/qt/mkspecs/modules/qt_lib_multimedia.pri:
#  Implicit rule search has been done.
#  Last modified 2022-01-30 11:25:44
#  File has been updated.
#  Successfully updated.

/usr/lib/qt/mkspecs/modules/qt_lib_texttospeech.pri:
#  Implicit rule search has been done.
#  Last modified 2022-01-30 12:58:38
#  File has been updated.
#  Successfully updated.

compiler_rcc_make_all:
#  Implicit rule search has not been done.
#  Modification time never checked.
#  File has not been updated.

/usr/lib/qt/mkspecs/modules/qt_lib_webenginewidgets_private.pri:
#  Implicit rule search has been done.
#  Last modified 2022-01-31 22:20:09
#  File has been updated.
#  Successfully updated.

/usr/lib/qt/mkspecs/features/warn_on.prf:
#  Implicit rule search has been done.
#  Last modified 2022-01-31 21:54:21
#  File has been updated.
#  Successfully updated.

/usr/lib/qt/mkspecs/modules/qt_KWaylandServer.pri:
#  Implicit rule search has been done.
#  Last modified 2022-01-04 00:05:57
#  File has been updated.
#  Successfully updated.

/usr/lib/qt/mkspecs/modules/qt_KDNSSD.pri:
#  Implicit rule search has been done.
#  Last modified 2022-01-04 00:19:29
#  File has been updated.
#  Successfully updated.

/usr/lib/qt/mkspecs/modules/qt_lib_waylandcompositor.pri:
#  Implicit rule search has been done.
#  Last modified 2022-01-30 13:15:52
#  File has been updated.
#  Successfully updated.

/usr/lib/qt/mkspecs/modules/qt_lib_multimediawidgets_private.pri:
#  Implicit rule search has been done.
#  Last modified 2022-01-30 11:25:44
#  File has been updated.
#  Successfully updated.

moc_mainwindow.o: moc_mainwindow.cpp
#  Implicit rule search has not been done.
#  Modification time never checked.
#  File has not been updated.
#  recipe to execute (from 'Makefile', line 826):
	$(CXX) -c $(CXXFLAGS) $(INCPATH) -o moc_mainwindow.o moc_mainwindow.cpp

/usr/lib/qt/mkspecs/modules/qt_lib_linuxaccessibility_support_private.pri:
#  Implicit rule search has been done.
#  Last modified 2022-01-31 21:54:21
#  File has been updated.
#  Successfully updated.

/usr/lib/qt/mkspecs/modules/qt_KFileMetaData.pri:
#  Implicit rule search has been done.
#  Last modified 2022-01-04 00:08:06
#  File has been updated.
#  Successfully updated.

/usr/lib/qt/mkspecs/modules/qt_lib_quick_private.pri:
#  Implicit rule search has been done.
#  Last modified 2022-01-31 17:34:41
#  File has been updated.
#  Successfully updated.

/usr/lib/qt/mkspecs/modules/qt_lib_qmltest_private.pri:
#  Implicit rule search has been done.
#  Last modified 2022-01-31 17:34:41
#  File has been updated.
#  Successfully updated.

compiler_moc_objc_header_clean:
#  Implicit rule search has not been done.
#  Modification time never checked.
#  File has not been updated.

/usr/lib/qt/mkspecs/modules/qt_lib_help_private.pri:
#  Implicit rule search has been done.
#  Last modified 2022-01-29 23:36:41
#  File has been updated.
#  Successfully updated.

/usr/lib/qt/mkspecs/modules/qt_lib_uiplugin.pri:
#  Implicit rule search has been done.
#  Last modified 2022-01-29 23:36:41
#  File has been updated.
#  Successfully updated.

/usr/lib/qt/mkspecs/modules/qt_lib_webenginecore_private.pri:
#  Implicit rule search has been done.
#  Last modified 2022-01-31 22:20:09
#  File has been updated.
#  Successfully updated.

/usr/lib/qt/mkspecs/modules/qt_lib_concurrent_private.pri:
#  Implicit rule search has been done.
#  Last modified 2022-01-31 21:54:21
#  File has been updated.
#  Successfully updated.

/usr/lib/qt/mkspecs/common/g++-base.conf:
#  Implicit rule search has been done.
#  Last modified 2022-01-31 21:54:21
#  File has been updated.
#  Successfully updated.

# Not a target:
include/funcion.hpp:
#  Implicit rule search has not been done.
#  Modification time never checked.
#  File has not been updated.

/usr/lib/qt/mkspecs/modules/qt_lib_openglextensions_private.pri:
#  Implicit rule search has been done.
#  Last modified 2022-01-31 21:54:21
#  File has been updated.
#  Successfully updated.

/usr/lib/qt/mkspecs/modules/qt_lib_qml.pri:
#  Implicit rule search has been done.
#  Last modified 2022-01-31 17:34:41
#  File has been updated.
#  Successfully updated.

install: install_target FORCE
#  Implicit rule search has not been done.
#  Modification time never checked.
#  File has not been updated.

/usr/lib/qt/mkspecs/modules/qt_KJS.pri:
#  Implicit rule search has been done.
#  Last modified 2022-01-04 00:12:09
#  File has been updated.
#  Successfully updated.

/usr/lib/qt/mkspecs/modules/qt_lib_quickwidgets_private.pri:
#  Implicit rule search has been done.
#  Last modified 2022-01-31 17:34:41
#  File has been updated.
#  Successfully updated.

/usr/lib/qt/mkspecs/features/resolve_config.prf:
#  Implicit rule search has been done.
#  Last modified 2022-01-31 21:54:21
#  File has been updated.
#  Successfully updated.

/usr/lib/qt/mkspecs/features/exclusive_builds.prf:
#  Implicit rule search has been done.
#  Last modified 2022-01-31 21:54:21
#  File has been updated.
#  Successfully updated.

/usr/lib/qt/mkspecs/linux-g++/qmake.conf:
#  Implicit rule search has been done.
#  Last modified 2022-01-31 21:54:21
#  File has been updated.
#  Successfully updated.

compiler_lex_clean:
#  Implicit rule search has not been done.
#  Modification time never checked.
#  File has not been updated.

/usr/lib/qt/mkspecs/common/linux.conf:
#  Implicit rule search has been done.
#  Last modified 2022-01-31 21:54:21
#  File has been updated.
#  Successfully updated.

compiler_moc_header_make_all: moc_mainwindow.cpp
#  Implicit rule search has not been done.
#  Modification time never checked.
#  File has not been updated.

/usr/lib/qt/mkspecs/modules/qt_lib_positioning.pri:
#  Implicit rule search has been done.
#  Last modified 2022-01-29 22:42:44
#  File has been updated.
#  Successfully updated.

/usr/lib/qt/mkspecs/features/uic.prf:
#  Implicit rule search has been done.
#  Last modified 2022-01-31 21:54:21
#  File has been updated.
#  Successfully updated.
 

/usr/lib/qt/mkspecs/modules/qt_lib_webengine_private.pri:
#  Implicit rule search has been done.
#  Last modified 2022-01-31 22:20:09
#  File has been updated.
#  Successfully updated.

/usr/lib/qt/mkspecs/modules/qt_KDBusAddons.pri:
#  Implicit rule search has been done.
#  Last modified 2022-01-03 23:51:26
#  File has been updated.
#  Successfully updated.

/usr/lib/qt/mkspecs/modules/qt_lib_svg_private.pri:
#  Implicit rule search has been done.
#  Last modified 2022-01-30 13:01:54
#  File has been updated.
#  Successfully updated.

/usr/lib/qt/mkspecs/features/testcase_targets.prf:
#  Implicit rule search has been done.
#  Last modified 2022-01-31 21:54:21
#  File has been updated.
#  Successfully updated.

/usr/lib/qt/mkspecs/modules/qt_lib_positioningquick_private.pri:
#  Implicit rule search has been done.
#  Last modified 2022-01-29 22:42:44
#  File has been updated.
#  Successfully updated.

compiler_moc_predefs_clean:
#  Implicit rule search has not been done.
#  Modification time never checked.
#  File has not been updated.
#  recipe to execute (from 'Makefile', line 779):
	-$(DEL_FILE) moc_predefs.h

/usr/lib/qt/mkspecs/modules/qt_lib_x11extras.pri:
#  Implicit rule search has been done.
#  Last modified 2022-01-30 13:31:24
#  File has been updated.
#  Successfully updated.

/usr/lib/qt/mkspecs/modules/qt_lib_network.pri:
#  Implicit rule search has been done.
#  Last modified 2022-01-31 21:54:21
#  File has been updated.
#  Successfully updated.

/usr/lib/qt/mkspecs/qconfig.pri:
#  Implicit rule search has been done.
#  Last modified 2022-01-31 21:54:21
#  File has been updated.
#  Successfully updated.

/usr/lib/qt/mkspecs/modules/qt_KUserFeedbackWidgets.pri:
#  Implicit rule search has been done.
#  Last modified 2022-02-02 15:19:13
#  File has been updated.
#  Successfully updated.

# Not a target:
/usr/lib/qt/mkspecs/features/data/dummy.cpp:
#  Implicit rule search has not been done.
#  Modification time never checked.
#  File has not been updated.

/usr/lib/qt/mkspecs/modules/qt_lib_network_private.pri:
#  Implicit rule search has been done.
#  Last modified 2022-01-31 21:54:21
#  File has been updated.
#  Successfully updated.

/usr/lib/qt/mkspecs/modules/qt_lib_multimediawidgets.pri:
#  Implicit rule search has been done.
#  Last modified 2022-01-30 11:25:44
#  File has been updated.
#  Successfully updated.

compiler_moc_source_make_all:
#  Implicit rule search has not been done.
#  Modification time never checked.
#  File has not been updated.

/usr/lib/qt/mkspecs/modules/qt_Prison.pri:
#  Implicit rule search has been done.
#  Last modified 2022-01-04 00:28:25
#  File has been updated.
#  Successfully updated.

/usr/lib/qt/mkspecs/modules/qt_lib_webchannel.pri:
#  Implicit rule search has been done.
#  Last modified 2022-01-29 23:45:11
#  File has been updated.
#  Successfully updated.

qmake: FORCE
#  Implicit rule search has not been done.
#  Modification time never checked.
#  File has not been updated.
#  recipe to execute (from 'Makefile', line 735):
	@$(QMAKE) -o Makefile Grafica.pro

compiler_lex_make_all:
#  Implicit rule search has not been done.
#  Modification time never checked.
#  File has not been updated.

/usr/lib/qt/mkspecs/modules/qt_lib_printsupport.pri:
#  Implicit rule search has been done.
#  Last modified 2022-01-31 21:54:21
#  File has been updated.
#  Successfully updated.

/usr/lib/qt/mkspecs/modules/qt_lib_xml.pri:
#  Implicit rule search has been done.
#  Last modified 2022-01-31 21:54:21
#  File has been updated.
#  Successfully updated.

/usr/lib/qt/mkspecs/modules/qt_lib_webenginecore.pri:
#  Implicit rule search has been done.
#  Last modified 2022-01-31 22:20:09
#  File has been updated.
#  Successfully updated.

/usr/lib/qt/mkspecs/modules/qt_KAuthCore.pri:
#  Implicit rule search has been done.
#  Last modified 2022-01-03 23:46:44
#  File has been updated.
#  Successfully updated.

/usr/lib/qt/mkspecs/modules/qt_KPeopleWidgets.pri:
#  Implicit rule search has been done.
#  Last modified 2022-01-04 00:21:42
#  File has been updated.
#  Successfully updated.

/usr/lib/qt/mkspecs/modules/qt_KParts.pri:
#  Implicit rule search has been done.
#  Last modified 2022-01-04 00:02:18
#  File has been updated.
#  Successfully updated.

# Not a target:
.SUFFIXES:
#  Implicit rule search has not been done.
#  Modification time never checked.
#  File has not been updated.

first: all
#  Implicit rule search has not been done.
#  Modification time never checked.
#  File has not been updated.

/usr/lib/qt/mkspecs/modules/qt_lib_xml_private.pri:
#  Implicit rule search has been done.
#  Last modified 2022-01-31 21:54:21
#  File has been updated.
#  Successfully updated.

/usr/lib/qt/mkspecs/common/g++-unix.conf:
#  Implicit rule search has been done.
#  Last modified 2022-01-31 21:54:21
#  File has been updated.
#  Successfully updated.

/usr/lib/qt/mkspecs/modules/qt_lib_positioning_private.pri:
#  Implicit rule search has been done.
#  Last modified 2022-01-29 22:42:44
#  File has been updated.
#  Successfully updated.

/usr/lib/qt/mkspecs/modules/qt_lib_testlib_private.pri:
#  Implicit rule search has been done.
#  Last modified 2022-01-31 21:54:21
#  File has been updated.
#  Successfully updated.

/usr/lib/qt/mkspecs/modules/qt_lib_multimedia_private.pri:
#  Implicit rule search has been done.
#  Last modified 2022-01-30 11:25:44
#  File has been updated.
#  Successfully updated.

/usr/lib/qt/mkspecs/modules/qt_lib_svg.pri:
#  Implicit rule search has been done.
#  Last modified 2022-01-30 13:01:54
#  File has been updated.
#  Successfully updated.

/usr/lib/qt/mkspecs/features/moc.prf:
#  Implicit rule search has been done.
#  Last modified 2022-01-31 21:54:21
#  File has been updated.
#  Successfully updated.

compiler_yacc_decl_clean:
#  Implicit rule search has not been done.
#  Modification time never checked.
#  File has not been updated.

/usr/lib/qt/mkspecs/features/qmake_use.prf:
#  Implicit rule search has been done.
#  Last modified 2022-01-31 21:54:21
#  File has been updated.
#  Successfully updated.

/usr/lib/qt/mkspecs/modules/qt_lib_qmldebug_private.pri:
#  Implicit rule search has been done.
#  Last modified 2022-01-31 17:34:41
#  File has been updated.
#  Successfully updated.

/usr/lib/qt/mkspecs/modules/qt_KConfigCore.pri:
#  Implicit rule search has been done.
#  Last modified 2022-01-03 23:47:43
#  File has been updated.
#  Successfully updated.

/usr/lib/qt/mkspecs/modules/qt_lib_edid_support_private.pri:
#  Implicit rule search has been done.
#  Last modified 2022-01-31 21:54:21
#  File has been updated.
#  Successfully updated.

/usr/lib/qt/mkspecs/modules/qt_lib_sensors_private.pri:
#  Implicit rule search has been done.
#  Last modified 2022-01-29 22:48:42
#  File has been updated.
#  Successfully updated.

/usr/lib/qt/mkspecs/modules/qt_lib_openglextensions.pri:
#  Implicit rule search has been done.
#  Last modified 2022-01-31 21:54:21
#  File has been updated.
#  Successfully updated.

/usr/lib/qt/mkspecs/modules/qt_lib_sql.pri:
#  Implicit rule search has been done.
#  Last modified 2022-01-31 21:54:21
#  File has been updated.
#  Successfully updated.

/usr/lib/qt/mkspecs/modules/qt_KTextEditor.pri:
#  Implicit rule search has been done.
 
#  Last modified 2022-01-31 16:17:18
#  File has been updated.
#  Successfully updated.

install_target: first FORCE
#  Implicit rule search has not been done.
#  Modification time never checked.
#  File has not been updated.
#  recipe to execute (from 'Makefile', line 831):
	@test -d $(INSTALL_ROOT)/opt/Grafica/bin || mkdir -p $(INSTALL_ROOT)/opt/Grafica/bin
	$(QINSTALL_PROGRAM) $(QMAKE_TARGET) $(INSTALL_ROOT)/opt/Grafica/bin/$(QMAKE_TARGET)

/usr/lib/qt/mkspecs/modules/qt_KContacts.pri:
#  Implicit rule search has been done.
#  Last modified 2022-01-04 00:18:05
#  File has been updated.
#  Successfully updated.

/usr/lib/qt/mkspecs/modules/qt_KNotifications.pri:
#  Implicit rule search has been done.
#  Last modified 2022-01-03 23:57:48
#  File has been updated.
#  Successfully updated.

/usr/lib/qt/mkspecs/modules/qt_KPeople.pri:
#  Implicit rule search has been done.
#  Last modified 2022-01-04 00:21:42
#  File has been updated.
#  Successfully updated.

/usr/lib/qt/mkspecs/modules/qt_lib_concurrent.pri:
#  Implicit rule search has been done.
#  Last modified 2022-01-31 21:54:21
#  File has been updated.
#  Successfully updated.

/usr/lib/qt/mkspecs/features/qt.prf:
#  Implicit rule search has been done.
#  Last modified 2022-01-31 21:54:21
#  File has been updated.
#  Successfully updated.

/usr/lib/qt/mkspecs/modules/qt_KUserFeedbackCore.pri:
#  Implicit rule search has been done.
#  Last modified 2022-02-02 15:19:13
#  File has been updated.
#  Successfully updated.

/usr/lib/qt/mkspecs/modules/qt_lib_sensors.pri:
#  Implicit rule search has been done.
#  Last modified 2022-01-29 22:48:42
#  File has been updated.
#  Successfully updated.

# Not a target:
/usr/bin/moc:
#  Implicit rule search has not been done.
#  Modification time never checked.
#  File has not been updated.

/usr/lib/qt/mkspecs/modules/qt_lib_qmlworkerscript_private.pri:
#  Implicit rule search has been done.
#  Last modified 2022-01-31 17:34:41
#  File has been updated.
#  Successfully updated.

/usr/lib/qt/mkspecs/modules/qt_KNewStuff.pri:
#  Implicit rule search has been done.
#  Last modified 2022-01-04 00:09:50
#  File has been updated.
#  Successfully updated.

# files hash-table stats:
# Load=277/1024=27%, Rehash=0, Collisions=169/799=21%
# VPATH Search Paths

# No 'vpath' search paths.

# No general ('VPATH' variable) search path.

# strcache buffers: 2 (1) / strings = 288 / storage = 12019 B / avg = 41 B
# current buf: size = 8162 B / used = 3867 B / count = 107 / avg = 36 B
# other used: total = 8152 B / count = 181 / avg = 45 B
# other free: total = 10 B / max = 10 B / min = 10 B / avg = 10 B

# strcache performance: lookups = 825 / hit rate = 65%
# hash-table stats:
# Load=288/8192=4%, Rehash=0, Collisions=12/825=1%
# Finished Make data base on Fri Feb  4 22:48:02 2022

 
